{"/home/travis/build/npmtest/node-npmtest-knex/test.js":{"path":"/home/travis/build/npmtest/node-npmtest-knex/test.js","s":{"1":2,"2":2,"3":2,"4":2,"5":2,"6":2,"7":2,"8":1,"9":2,"10":2,"11":1,"12":1,"13":1,"14":1,"15":2,"16":2,"17":2,"18":2,"19":1,"20":1,"21":2,"22":2,"23":2,"24":1,"25":1,"26":1,"27":1,"28":1,"29":1,"30":1,"31":1,"32":1,"33":1,"34":1,"35":1,"36":1,"37":2,"38":2,"39":1,"40":2,"41":2,"42":1,"43":2,"44":2,"45":1,"46":2,"47":2,"48":1,"49":1,"50":1,"51":1,"52":1},"b":{"1":[2,1,1,1],"2":[1,1,1,1],"3":[1,1],"4":[1,1],"5":[1,1],"6":[1,1],"7":[1,1],"8":[1,1],"9":[1,1,1],"10":[1,1],"11":[1,1],"12":[1,1],"13":[1,1],"14":[1,1],"15":[1,1],"16":[1,1]},"f":{"1":2,"2":2,"3":2,"4":2,"5":2,"6":1,"7":1,"8":2,"9":2,"10":2,"11":2,"12":1},"fnMap":{"1":{"name":"(anonymous_1)","line":12,"loc":{"start":{"line":12,"column":1},"end":{"line":12,"column":13}}},"2":{"name":"(anonymous_2)","line":19,"loc":{"start":{"line":19,"column":5},"end":{"line":19,"column":17}}},"3":{"name":"(anonymous_3)","line":23,"loc":{"start":{"line":23,"column":24},"end":{"line":23,"column":36}}},"4":{"name":"(anonymous_4)","line":61,"loc":{"start":{"line":61,"column":5},"end":{"line":61,"column":17}}},"5":{"name":"(anonymous_5)","line":82,"loc":{"start":{"line":82,"column":5},"end":{"line":82,"column":17}}},"6":{"name":"(anonymous_6)","line":102,"loc":{"start":{"line":102,"column":83},"end":{"line":105,"column":10}},"skip":true},"7":{"name":"(anonymous_7)","line":113,"loc":{"start":{"line":113,"column":77},"end":{"line":116,"column":10}},"skip":true},"8":{"name":"(anonymous_8)","line":129,"loc":{"start":{"line":129,"column":12},"end":{"line":129,"column":40}},"skip":true},"9":{"name":"(anonymous_9)","line":137,"loc":{"start":{"line":137,"column":77},"end":{"line":140,"column":10}},"skip":true},"10":{"name":"(anonymous_10)","line":148,"loc":{"start":{"line":148,"column":83},"end":{"line":151,"column":10}},"skip":true},"11":{"name":"(anonymous_11)","line":159,"loc":{"start":{"line":159,"column":79},"end":{"line":162,"column":10}},"skip":true},"12":{"name":"(anonymous_12)","line":170,"loc":{"start":{"line":170,"column":75},"end":{"line":173,"column":10}},"skip":true}},"statementMap":{"1":{"start":{"line":12,"column":0},"end":{"line":185,"column":5}},"2":{"start":{"line":14,"column":4},"end":{"line":14,"column":14}},"3":{"start":{"line":19,"column":4},"end":{"line":56,"column":9}},"4":{"start":{"line":21,"column":8},"end":{"line":21,"column":19}},"5":{"start":{"line":23,"column":8},"end":{"line":35,"column":13}},"6":{"start":{"line":24,"column":12},"end":{"line":34,"column":13}},"7":{"start":{"line":25,"column":16},"end":{"line":28,"column":30}},"8":{"start":{"line":30,"column":16},"end":{"line":33,"column":27}},"9":{"start":{"line":37,"column":8},"end":{"line":39,"column":21}},"10":{"start":{"line":40,"column":8},"end":{"line":53,"column":9}},"11":{"start":{"line":43,"column":12},"end":{"line":46,"column":14}},"12":{"start":{"line":47,"column":12},"end":{"line":47,"column":18}},"13":{"start":{"line":50,"column":12},"end":{"line":51,"column":46}},"14":{"start":{"line":52,"column":12},"end":{"line":52,"column":18}},"15":{"start":{"line":55,"column":8},"end":{"line":55,"column":35}},"16":{"start":{"line":61,"column":4},"end":{"line":63,"column":9}},"17":{"start":{"line":62,"column":8},"end":{"line":62,"column":15}},"18":{"start":{"line":64,"column":4},"end":{"line":77,"column":5}},"19":{"start":{"line":70,"column":8},"end":{"line":70,"column":14}},"20":{"start":{"line":76,"column":8},"end":{"line":76,"column":14}},"21":{"start":{"line":82,"column":4},"end":{"line":84,"column":9}},"22":{"start":{"line":83,"column":8},"end":{"line":83,"column":15}},"23":{"start":{"line":85,"column":4},"end":{"line":184,"column":5}},"24":{"start":{"line":92,"column":8},"end":{"line":94,"column":63}},"25":{"start":{"line":95,"column":8},"end":{"line":95,"column":14}},"26":{"start":{"line":102,"column":8},"end":{"line":111,"column":10},"skip":true},"27":{"start":{"line":109,"column":12},"end":{"line":109,"column":55},"skip":true},"28":{"start":{"line":110,"column":12},"end":{"line":110,"column":48},"skip":true},"29":{"start":{"line":113,"column":8},"end":{"line":126,"column":10},"skip":true},"30":{"start":{"line":120,"column":12},"end":{"line":120,"column":76},"skip":true},"31":{"start":{"line":121,"column":12},"end":{"line":121,"column":73},"skip":true},"32":{"start":{"line":122,"column":12},"end":{"line":122,"column":74},"skip":true},"33":{"start":{"line":123,"column":12},"end":{"line":123,"column":79},"skip":true},"34":{"start":{"line":124,"column":12},"end":{"line":124,"column":25},"skip":true},"35":{"start":{"line":125,"column":12},"end":{"line":125,"column":45},"skip":true},"36":{"start":{"line":128,"column":8},"end":{"line":135,"column":14},"skip":true},"37":{"start":{"line":133,"column":16},"end":{"line":133,"column":29},"skip":true},"38":{"start":{"line":134,"column":16},"end":{"line":134,"column":55},"skip":true},"39":{"start":{"line":137,"column":8},"end":{"line":146,"column":10},"skip":true},"40":{"start":{"line":144,"column":12},"end":{"line":144,"column":25},"skip":true},"41":{"start":{"line":145,"column":12},"end":{"line":145,"column":45},"skip":true},"42":{"start":{"line":148,"column":8},"end":{"line":157,"column":10},"skip":true},"43":{"start":{"line":155,"column":12},"end":{"line":155,"column":25},"skip":true},"44":{"start":{"line":156,"column":12},"end":{"line":156,"column":48},"skip":true},"45":{"start":{"line":159,"column":8},"end":{"line":168,"column":10},"skip":true},"46":{"start":{"line":166,"column":12},"end":{"line":166,"column":25},"skip":true},"47":{"start":{"line":167,"column":12},"end":{"line":167,"column":46},"skip":true},"48":{"start":{"line":170,"column":8},"end":{"line":179,"column":10},"skip":true},"49":{"start":{"line":177,"column":12},"end":{"line":177,"column":94},"skip":true},"50":{"start":{"line":178,"column":12},"end":{"line":178,"column":48},"skip":true},"51":{"start":{"line":182,"column":8},"end":{"line":182,"column":35},"skip":true},"52":{"start":{"line":183,"column":8},"end":{"line":183,"column":14},"skip":true}},"branchMap":{"1":{"line":25,"type":"binary-expr","locations":[{"start":{"line":25,"column":23},"end":{"line":25,"column":62}},{"start":{"line":26,"column":20},"end":{"line":26,"column":70}},{"start":{"line":27,"column":20},"end":{"line":27,"column":71}},{"start":{"line":28,"column":20},"end":{"line":28,"column":29}}]},"2":{"line":30,"type":"binary-expr","locations":[{"start":{"line":30,"column":23},"end":{"line":30,"column":37}},{"start":{"line":31,"column":20},"end":{"line":31,"column":61}},{"start":{"line":32,"column":20},"end":{"line":32,"column":70}},{"start":{"line":33,"column":20},"end":{"line":33,"column":26}}]},"3":{"line":37,"type":"cond-expr","locations":[{"start":{"line":38,"column":14},"end":{"line":38,"column":20}},{"start":{"line":39,"column":14},"end":{"line":39,"column":20}}]},"4":{"line":40,"type":"switch","locations":[{"start":{"line":42,"column":8},"end":{"line":47,"column":18}},{"start":{"line":49,"column":8},"end":{"line":52,"column":18}}]},"5":{"line":44,"type":"binary-expr","locations":[{"start":{"line":44,"column":16},"end":{"line":44,"column":44}},{"start":{"line":44,"column":48},"end":{"line":44,"column":66}}]},"6":{"line":50,"type":"binary-expr","locations":[{"start":{"line":50,"column":21},"end":{"line":50,"column":49}},{"start":{"line":50,"column":53},"end":{"line":50,"column":72}}]},"7":{"line":64,"type":"switch","locations":[{"start":{"line":69,"column":4},"end":{"line":70,"column":14}},{"start":{"line":75,"column":4},"end":{"line":76,"column":14}}]},"8":{"line":85,"type":"switch","locations":[{"start":{"line":90,"column":4},"end":{"line":95,"column":14}},{"start":{"line":101,"column":4},"end":{"line":183,"column":14},"skip":true}]},"9":{"line":92,"type":"binary-expr","locations":[{"start":{"line":92,"column":18},"end":{"line":92,"column":32}},{"start":{"line":93,"column":12},"end":{"line":93,"column":53}},{"start":{"line":94,"column":12},"end":{"line":94,"column":61}}]},"10":{"line":102,"type":"binary-expr","locations":[{"start":{"line":102,"column":45},"end":{"line":102,"column":79},"skip":true},{"start":{"line":102,"column":83},"end":{"line":111,"column":9},"skip":true}]},"11":{"line":113,"type":"binary-expr","locations":[{"start":{"line":113,"column":42},"end":{"line":113,"column":73},"skip":true},{"start":{"line":113,"column":77},"end":{"line":126,"column":9},"skip":true}]},"12":{"line":128,"type":"binary-expr","locations":[{"start":{"line":128,"column":48},"end":{"line":128,"column":85},"skip":true},{"start":{"line":129,"column":12},"end":{"line":135,"column":13},"skip":true}]},"13":{"line":137,"type":"binary-expr","locations":[{"start":{"line":137,"column":42},"end":{"line":137,"column":73},"skip":true},{"start":{"line":137,"column":77},"end":{"line":146,"column":9},"skip":true}]},"14":{"line":148,"type":"binary-expr","locations":[{"start":{"line":148,"column":45},"end":{"line":148,"column":79},"skip":true},{"start":{"line":148,"column":83},"end":{"line":157,"column":9},"skip":true}]},"15":{"line":159,"type":"binary-expr","locations":[{"start":{"line":159,"column":43},"end":{"line":159,"column":75},"skip":true},{"start":{"line":159,"column":79},"end":{"line":168,"column":9},"skip":true}]},"16":{"line":170,"type":"binary-expr","locations":[{"start":{"line":170,"column":41},"end":{"line":170,"column":71},"skip":true},{"start":{"line":170,"column":75},"end":{"line":179,"column":9},"skip":true}]}},"code":["/* istanbul instrument in package npmtest_knex */","/*jslint","    bitwise: true,","    browser: true,","    maxerr: 8,","    maxlen: 96,","    node: true,","    nomen: true,","    regexp: true,","    stupid: true","*/","(function () {","    'use strict';","    var local;","","","","    // run shared js-env code - pre-init","    (function () {","        // init local","        local = {};","        // init modeJs","        local.modeJs = (function () {","            try {","                return typeof navigator.userAgent === 'string' &&","                    typeof document.querySelector('body') === 'object' &&","                    typeof XMLHttpRequest.prototype.open === 'function' &&","                    'browser';","            } catch (errorCaughtBrowser) {","                return module.exports &&","                    typeof process.versions.node === 'string' &&","                    typeof require('http').createServer === 'function' &&","                    'node';","            }","        }());","        // init global","        local.global = local.modeJs === 'browser'","            ? window","            : global;","        switch (local.modeJs) {","        // re-init local from window.local","        case 'browser':","            local = local.global.utility2.objectSetDefault(","                local.global.utility2_rollup || local.global.local,","                local.global.utility2","            );","            break;","        // re-init local from example.js","        case 'node':","            local = (local.global.utility2_rollup || require('utility2'))","                .requireExampleJsFromReadme();","            break;","        }","        // export local","        local.global.local = local;","    }());","","","","    // run shared js-env code - function","    (function () {","        return;","    }());","    switch (local.modeJs) {","","","","    // run browser js-env code - function","    case 'browser':","        break;","","","","    // run node js-env code - function","    case 'node':","        break;","    }","","","","    // run shared js-env code - post-init","    (function () {","        return;","    }());","    switch (local.modeJs) {","","","","    // run browser js-env code - post-init","    case 'browser':","        // run tests","        local.nop(local.modeTest &&","            document.querySelector('#testRunButton1') &&","            document.querySelector('#testRunButton1').click());","        break;","","","","    // run node js-env code - post-init","    /* istanbul ignore next */","    case 'node':","        local.testCase_buildApidoc_default = local.testCase_buildApidoc_default || function (","            options,","            onError","        ) {","        /*","         * this function will test buildApidoc's default handling-behavior-behavior","         */","            options = { modulePathList: module.paths };","            local.buildApidoc(options, onError);","        };","","        local.testCase_buildApp_default = local.testCase_buildApp_default || function (","            options,","            onError","        ) {","        /*","         * this function will test buildApp's default handling-behavior-behavior","         */","            local.testCase_buildReadme_default(options, local.onErrorThrow);","            local.testCase_buildLib_default(options, local.onErrorThrow);","            local.testCase_buildTest_default(options, local.onErrorThrow);","            local.testCase_buildCustomOrg_default(options, local.onErrorThrow);","            options = [];","            local.buildApp(options, onError);","        };","","        local.testCase_buildCustomOrg_default = local.testCase_buildCustomOrg_default ||","            function (options, onError) {","            /*","             * this function will test buildCustomOrg's default handling-behavior","             */","                options = {};","                local.buildCustomOrg(options, onError);","            };","","        local.testCase_buildLib_default = local.testCase_buildLib_default || function (","            options,","            onError","        ) {","        /*","         * this function will test buildLib's default handling-behavior","         */","            options = {};","            local.buildLib(options, onError);","        };","","        local.testCase_buildReadme_default = local.testCase_buildReadme_default || function (","            options,","            onError","        ) {","        /*","         * this function will test buildReadme's default handling-behavior-behavior","         */","            options = {};","            local.buildReadme(options, onError);","        };","","        local.testCase_buildTest_default = local.testCase_buildTest_default || function (","            options,","            onError","        ) {","        /*","         * this function will test buildTest's default handling-behavior","         */","            options = {};","            local.buildTest(options, onError);","        };","","        local.testCase_webpage_default = local.testCase_webpage_default || function (","            options,","            onError","        ) {","        /*","         * this function will test webpage's default handling-behavior","         */","            options = { modeCoverageMerge: true, url: local.serverLocalHost + '?modeTest=1' };","            local.browserTest(options, onError);","        };","","        // run test-server","        local.testRunServer(local);","        break;","    }","}());",""],"l":{"12":2,"14":2,"19":2,"21":2,"23":2,"24":2,"25":2,"30":1,"37":2,"40":2,"43":1,"47":1,"50":1,"52":1,"55":2,"61":2,"62":2,"64":2,"70":1,"76":1,"82":2,"83":2,"85":2,"92":1,"95":1,"102":1,"109":1,"110":1,"113":1,"120":1,"121":1,"122":1,"123":1,"124":1,"125":1,"128":1,"133":2,"134":2,"137":1,"144":2,"145":2,"148":1,"155":2,"156":2,"159":1,"166":2,"167":2,"170":1,"177":1,"178":1,"182":1,"183":1}},"/home/travis/build/npmtest/node-npmtest-knex/lib.npmtest_knex.js":{"path":"/home/travis/build/npmtest/node-npmtest-knex/lib.npmtest_knex.js","s":{"1":2,"2":2,"3":2,"4":2,"5":2,"6":2,"7":2,"8":1,"9":2,"10":2,"11":2,"12":2,"13":1,"14":1,"15":1,"16":1},"b":{"1":[2,1,1,1],"2":[1,1,1,1],"3":[1,1],"4":[2,2],"5":[1,1]},"f":{"1":2,"2":2,"3":2},"fnMap":{"1":{"name":"(anonymous_1)","line":12,"loc":{"start":{"line":12,"column":1},"end":{"line":12,"column":13}}},"2":{"name":"(anonymous_2)","line":19,"loc":{"start":{"line":19,"column":5},"end":{"line":19,"column":17}}},"3":{"name":"(anonymous_3)","line":23,"loc":{"start":{"line":23,"column":24},"end":{"line":23,"column":36}}}},"statementMap":{"1":{"start":{"line":12,"column":0},"end":{"line":53,"column":5}},"2":{"start":{"line":14,"column":4},"end":{"line":14,"column":14}},"3":{"start":{"line":19,"column":4},"end":{"line":52,"column":9}},"4":{"start":{"line":21,"column":8},"end":{"line":21,"column":19}},"5":{"start":{"line":23,"column":8},"end":{"line":35,"column":13}},"6":{"start":{"line":24,"column":12},"end":{"line":34,"column":13}},"7":{"start":{"line":25,"column":16},"end":{"line":28,"column":30}},"8":{"start":{"line":30,"column":16},"end":{"line":33,"column":27}},"9":{"start":{"line":37,"column":8},"end":{"line":39,"column":21}},"10":{"start":{"line":41,"column":8},"end":{"line":41,"column":54}},"11":{"start":{"line":43,"column":8},"end":{"line":43,"column":49}},"12":{"start":{"line":45,"column":8},"end":{"line":51,"column":9}},"13":{"start":{"line":46,"column":12},"end":{"line":46,"column":55}},"14":{"start":{"line":48,"column":12},"end":{"line":48,"column":35}},"15":{"start":{"line":49,"column":12},"end":{"line":49,"column":49}},"16":{"start":{"line":50,"column":12},"end":{"line":50,"column":43}}},"branchMap":{"1":{"line":25,"type":"binary-expr","locations":[{"start":{"line":25,"column":23},"end":{"line":25,"column":62}},{"start":{"line":26,"column":20},"end":{"line":26,"column":70}},{"start":{"line":27,"column":20},"end":{"line":27,"column":71}},{"start":{"line":28,"column":20},"end":{"line":28,"column":29}}]},"2":{"line":30,"type":"binary-expr","locations":[{"start":{"line":30,"column":23},"end":{"line":30,"column":37}},{"start":{"line":31,"column":20},"end":{"line":31,"column":61}},{"start":{"line":32,"column":20},"end":{"line":32,"column":70}},{"start":{"line":33,"column":20},"end":{"line":33,"column":26}}]},"3":{"line":37,"type":"cond-expr","locations":[{"start":{"line":38,"column":14},"end":{"line":38,"column":20}},{"start":{"line":39,"column":14},"end":{"line":39,"column":20}}]},"4":{"line":41,"type":"binary-expr","locations":[{"start":{"line":41,"column":16},"end":{"line":41,"column":44}},{"start":{"line":41,"column":48},"end":{"line":41,"column":53}}]},"5":{"line":45,"type":"if","locations":[{"start":{"line":45,"column":8},"end":{"line":45,"column":8}},{"start":{"line":45,"column":8},"end":{"line":45,"column":8}}]}},"code":["/* istanbul instrument in package npmtest_knex */","/*jslint","    bitwise: true,","    browser: true,","    maxerr: 8,","    maxlen: 96,","    node: true,","    nomen: true,","    regexp: true,","    stupid: true","*/","(function () {","    'use strict';","    var local;","","","","    // run shared js-env code - pre-init","    (function () {","        // init local","        local = {};","        // init modeJs","        local.modeJs = (function () {","            try {","                return typeof navigator.userAgent === 'string' &&","                    typeof document.querySelector('body') === 'object' &&","                    typeof XMLHttpRequest.prototype.open === 'function' &&","                    'browser';","            } catch (errorCaughtBrowser) {","                return module.exports &&","                    typeof process.versions.node === 'string' &&","                    typeof require('http').createServer === 'function' &&","                    'node';","            }","        }());","        // init global","        local.global = local.modeJs === 'browser'","            ? window","            : global;","        // init utility2_rollup","        local = local.global.utility2_rollup || local;","        // init lib","        local.local = local.npmtest_knex = local;","        // init exports","        if (local.modeJs === 'browser') {","            local.global.utility2_npmtest_knex = local;","        } else {","            module.exports = local;","            module.exports.__dirname = __dirname;","            module.exports.module = module;","        }","    }());","}());",""],"l":{"12":2,"14":2,"19":2,"21":2,"23":2,"24":2,"25":2,"30":1,"37":2,"41":2,"43":2,"45":2,"46":1,"48":1,"49":1,"50":1}},"/home/travis/build/npmtest/node-npmtest-knex/example.js":{"path":"/home/travis/build/npmtest/node-npmtest-knex/example.js","s":{"1":2,"2":2,"3":2,"4":2,"5":2,"6":2,"7":2,"8":1,"9":2,"10":2,"11":2,"12":2,"13":1,"14":2,"15":2,"16":2,"17":2,"18":2,"19":0,"20":2,"21":1,"22":1,"23":1,"24":1,"25":1,"26":0,"27":0,"28":1,"29":1,"30":2,"31":0,"32":0,"33":0,"34":1,"35":2,"36":2,"37":2,"38":2,"39":2,"40":2,"41":0,"42":2,"43":2,"44":2,"45":1,"46":3,"47":1,"48":1,"49":1,"50":1,"51":1,"52":1,"53":1,"54":1,"55":1,"56":1,"57":0,"58":1,"59":6,"60":6,"61":1,"62":2,"63":0,"64":2,"65":1,"66":1,"67":0,"68":0,"69":0,"70":0,"71":0,"72":0,"73":0,"74":0,"75":0,"76":0,"77":0,"78":0,"79":0,"80":0,"81":0,"82":0,"83":0},"b":{"1":[2,1,1,1],"2":[1,1,1,1],"3":[1,1],"4":[2,2],"5":[1,1],"6":[1,1],"7":[2,0],"8":[2,1,1,1,1,1],"9":[0,2,0],"10":[1,1],"11":[2,1,1],"12":[1,0],"13":[0,2],"14":[2,0,0,0,0,0,0],"15":[0,2],"16":[2,0],"17":[1,1],"18":[0,1],"19":[1,2,0,2],"20":[1,0],"21":[1,1],"22":[0,0],"23":[0,0],"24":[0,0],"25":[0,0],"26":[0,0],"27":[0,0],"28":[0,0]},"f":{"1":2,"2":2,"3":2,"4":2,"5":2,"6":2,"7":2,"8":2,"9":3,"10":1,"11":6,"12":0},"fnMap":{"1":{"name":"(anonymous_1)","line":26,"loc":{"start":{"line":26,"column":1},"end":{"line":26,"column":13}}},"2":{"name":"(anonymous_2)","line":33,"loc":{"start":{"line":33,"column":5},"end":{"line":33,"column":17}}},"3":{"name":"(anonymous_3)","line":37,"loc":{"start":{"line":37,"column":24},"end":{"line":37,"column":36}}},"4":{"name":"(anonymous_4)","line":69,"loc":{"start":{"line":69,"column":31},"end":{"line":69,"column":48}},"skip":true},"5":{"name":"(anonymous_5)","line":78,"loc":{"start":{"line":78,"column":26},"end":{"line":78,"column":45}},"skip":true},"6":{"name":"(anonymous_6)","line":123,"loc":{"start":{"line":123,"column":33},"end":{"line":123,"column":48}},"skip":true},"7":{"name":"(anonymous_7)","line":125,"loc":{"start":{"line":125,"column":27},"end":{"line":125,"column":39}},"skip":true},"8":{"name":"(anonymous_8)","line":133,"loc":{"start":{"line":133,"column":59},"end":{"line":133,"column":74}},"skip":true},"9":{"name":"(anonymous_9)","line":143,"loc":{"start":{"line":143,"column":45},"end":{"line":143,"column":62}},"skip":true},"10":{"name":"(anonymous_10)","line":144,"loc":{"start":{"line":144,"column":73},"end":{"line":144,"column":92}},"skip":true},"11":{"name":"(anonymous_11)","line":272,"loc":{"start":{"line":272,"column":51},"end":{"line":272,"column":77}},"skip":true},"12":{"name":"(anonymous_12)","line":314,"loc":{"start":{"line":314,"column":32},"end":{"line":314,"column":61}},"skip":true}},"statementMap":{"1":{"start":{"line":26,"column":0},"end":{"line":325,"column":5}},"2":{"start":{"line":28,"column":4},"end":{"line":28,"column":14}},"3":{"start":{"line":33,"column":4},"end":{"line":60,"column":9}},"4":{"start":{"line":35,"column":8},"end":{"line":35,"column":19}},"5":{"start":{"line":37,"column":8},"end":{"line":49,"column":13}},"6":{"start":{"line":38,"column":12},"end":{"line":48,"column":13}},"7":{"start":{"line":39,"column":16},"end":{"line":42,"column":30}},"8":{"start":{"line":44,"column":16},"end":{"line":47,"column":27}},"9":{"start":{"line":51,"column":8},"end":{"line":53,"column":21}},"10":{"start":{"line":55,"column":8},"end":{"line":57,"column":45}},"11":{"start":{"line":59,"column":8},"end":{"line":59,"column":35}},"12":{"start":{"line":61,"column":4},"end":{"line":324,"column":5}},"13":{"start":{"line":69,"column":8},"end":{"line":121,"column":10},"skip":true},"14":{"start":{"line":70,"column":12},"end":{"line":88,"column":13},"skip":true},"15":{"start":{"line":76,"column":16},"end":{"line":87,"column":19},"skip":true},"16":{"start":{"line":79,"column":20},"end":{"line":86,"column":21},"skip":true},"17":{"start":{"line":82,"column":24},"end":{"line":82,"column":43},"skip":true},"18":{"start":{"line":83,"column":24},"end":{"line":83,"column":30},"skip":true},"19":{"start":{"line":85,"column":24},"end":{"line":85,"column":49},"skip":true},"20":{"start":{"line":89,"column":12},"end":{"line":107,"column":13},"skip":true},"21":{"start":{"line":92,"column":16},"end":{"line":102,"column":17},"skip":true},"22":{"start":{"line":93,"column":20},"end":{"line":93,"column":86},"skip":true},"23":{"start":{"line":94,"column":20},"end":{"line":95,"column":45},"skip":true},"24":{"start":{"line":96,"column":20},"end":{"line":96,"column":42},"skip":true},"25":{"start":{"line":97,"column":20},"end":{"line":97,"column":48},"skip":true},"26":{"start":{"line":100,"column":20},"end":{"line":100,"column":85},"skip":true},"27":{"start":{"line":101,"column":20},"end":{"line":101,"column":96},"skip":true},"28":{"start":{"line":103,"column":16},"end":{"line":103,"column":22},"skip":true},"29":{"start":{"line":106,"column":16},"end":{"line":106,"column":22},"skip":true},"30":{"start":{"line":108,"column":12},"end":{"line":120,"column":13},"skip":true},"31":{"start":{"line":114,"column":16},"end":{"line":119,"column":17},"skip":true},"32":{"start":{"line":116,"column":20},"end":{"line":116,"column":78},"skip":true},"33":{"start":{"line":118,"column":20},"end":{"line":118,"column":47},"skip":true},"34":{"start":{"line":123,"column":8},"end":{"line":141,"column":11},"skip":true},"35":{"start":{"line":124,"column":12},"end":{"line":124,"column":54},"skip":true},"36":{"start":{"line":125,"column":12},"end":{"line":140,"column":14},"skip":true},"37":{"start":{"line":126,"column":16},"end":{"line":126,"column":28},"skip":true},"38":{"start":{"line":127,"column":16},"end":{"line":127,"column":69},"skip":true},"39":{"start":{"line":128,"column":16},"end":{"line":128,"column":75},"skip":true},"40":{"start":{"line":129,"column":16},"end":{"line":131,"column":17},"skip":true},"41":{"start":{"line":130,"column":20},"end":{"line":130,"column":27},"skip":true},"42":{"start":{"line":133,"column":16},"end":{"line":137,"column":36},"skip":true},"43":{"start":{"line":134,"column":20},"end":{"line":136,"column":55},"skip":true},"44":{"start":{"line":139,"column":16},"end":{"line":139,"column":57},"skip":true},"45":{"start":{"line":143,"column":8},"end":{"line":147,"column":11},"skip":true},"46":{"start":{"line":144,"column":12},"end":{"line":146,"column":15},"skip":true},"47":{"start":{"line":145,"column":16},"end":{"line":145,"column":70},"skip":true},"48":{"start":{"line":149,"column":8},"end":{"line":149,"column":31},"skip":true},"49":{"start":{"line":150,"column":8},"end":{"line":150,"column":14},"skip":true},"50":{"start":{"line":158,"column":8},"end":{"line":158,"column":31},"skip":true},"51":{"start":{"line":160,"column":8},"end":{"line":160,"column":33},"skip":true},"52":{"start":{"line":161,"column":8},"end":{"line":161,"column":37},"skip":true},"53":{"start":{"line":162,"column":8},"end":{"line":162,"column":35},"skip":true},"54":{"start":{"line":164,"column":8},"end":{"line":164,"column":50},"skip":true},"55":{"start":{"line":166,"column":8},"end":{"line":256,"column":2},"skip":true},"56":{"start":{"line":258,"column":8},"end":{"line":286,"column":9},"skip":true},"57":{"start":{"line":259,"column":12},"end":{"line":269,"column":14},"skip":true},"58":{"start":{"line":271,"column":12},"end":{"line":285,"column":19},"skip":true},"59":{"start":{"line":274,"column":20},"end":{"line":274,"column":35},"skip":true},"60":{"start":{"line":275,"column":20},"end":{"line":284,"column":21},"skip":true},"61":{"start":{"line":277,"column":24},"end":{"line":277,"column":64},"skip":true},"62":{"start":{"line":279,"column":24},"end":{"line":279,"column":40},"skip":true},"63":{"start":{"line":281,"column":24},"end":{"line":281,"column":40},"skip":true},"64":{"start":{"line":283,"column":24},"end":{"line":283,"column":39},"skip":true},"65":{"start":{"line":288,"column":8},"end":{"line":290,"column":9},"skip":true},"66":{"start":{"line":289,"column":12},"end":{"line":289,"column":18},"skip":true},"67":{"start":{"line":291,"column":8},"end":{"line":293,"column":54},"skip":true},"68":{"start":{"line":294,"column":8},"end":{"line":301,"column":37},"skip":true},"69":{"start":{"line":302,"column":8},"end":{"line":302,"column":82},"skip":true},"70":{"start":{"line":305,"column":8},"end":{"line":307,"column":9},"skip":true},"71":{"start":{"line":306,"column":12},"end":{"line":306,"column":82},"skip":true},"72":{"start":{"line":309,"column":8},"end":{"line":311,"column":9},"skip":true},"73":{"start":{"line":310,"column":12},"end":{"line":310,"column":18},"skip":true},"74":{"start":{"line":312,"column":8},"end":{"line":312,"column":54},"skip":true},"75":{"start":{"line":313,"column":8},"end":{"line":313,"column":69},"skip":true},"76":{"start":{"line":314,"column":8},"end":{"line":322,"column":36},"skip":true},"77":{"start":{"line":315,"column":12},"end":{"line":315,"column":61},"skip":true},"78":{"start":{"line":316,"column":12},"end":{"line":319,"column":13},"skip":true},"79":{"start":{"line":317,"column":16},"end":{"line":317,"column":75},"skip":true},"80":{"start":{"line":318,"column":16},"end":{"line":318,"column":23},"skip":true},"81":{"start":{"line":320,"column":12},"end":{"line":320,"column":38},"skip":true},"82":{"start":{"line":321,"column":12},"end":{"line":321,"column":27},"skip":true},"83":{"start":{"line":323,"column":8},"end":{"line":323,"column":14},"skip":true}},"branchMap":{"1":{"line":39,"type":"binary-expr","locations":[{"start":{"line":39,"column":23},"end":{"line":39,"column":62}},{"start":{"line":40,"column":20},"end":{"line":40,"column":70}},{"start":{"line":41,"column":20},"end":{"line":41,"column":71}},{"start":{"line":42,"column":20},"end":{"line":42,"column":29}}]},"2":{"line":44,"type":"binary-expr","locations":[{"start":{"line":44,"column":23},"end":{"line":44,"column":37}},{"start":{"line":45,"column":20},"end":{"line":45,"column":61}},{"start":{"line":46,"column":20},"end":{"line":46,"column":70}},{"start":{"line":47,"column":20},"end":{"line":47,"column":26}}]},"3":{"line":51,"type":"cond-expr","locations":[{"start":{"line":52,"column":14},"end":{"line":52,"column":20}},{"start":{"line":53,"column":14},"end":{"line":53,"column":20}}]},"4":{"line":55,"type":"binary-expr","locations":[{"start":{"line":55,"column":16},"end":{"line":55,"column":44}},{"start":{"line":55,"column":49},"end":{"line":57,"column":43}}]},"5":{"line":55,"type":"cond-expr","locations":[{"start":{"line":56,"column":14},"end":{"line":56,"column":48}},{"start":{"line":57,"column":14},"end":{"line":57,"column":43}}]},"6":{"line":61,"type":"switch","locations":[{"start":{"line":68,"column":4},"end":{"line":150,"column":14},"skip":true},{"start":{"line":156,"column":4},"end":{"line":323,"column":14},"skip":true}]},"7":{"line":70,"type":"if","locations":[{"start":{"line":70,"column":12},"end":{"line":70,"column":12},"skip":true},{"start":{"line":70,"column":12},"end":{"line":70,"column":12},"skip":true}]},"8":{"line":70,"type":"binary-expr","locations":[{"start":{"line":70,"column":16},"end":{"line":70,"column":22},"skip":true},{"start":{"line":70,"column":27},"end":{"line":70,"column":32},"skip":true},{"start":{"line":71,"column":20},"end":{"line":71,"column":39},"skip":true},{"start":{"line":72,"column":20},"end":{"line":72,"column":49},"skip":true},{"start":{"line":73,"column":20},"end":{"line":73,"column":58},"skip":true},{"start":{"line":74,"column":20},"end":{"line":74,"column":69},"skip":true}]},"9":{"line":79,"type":"switch","locations":[{"start":{"line":80,"column":20},"end":{"line":80,"column":33},"skip":true},{"start":{"line":81,"column":20},"end":{"line":83,"column":30},"skip":true},{"start":{"line":84,"column":20},"end":{"line":85,"column":49},"skip":true}]},"10":{"line":89,"type":"switch","locations":[{"start":{"line":90,"column":12},"end":{"line":103,"column":22},"skip":true},{"start":{"line":105,"column":12},"end":{"line":106,"column":22},"skip":true}]},"11":{"line":89,"type":"binary-expr","locations":[{"start":{"line":89,"column":20},"end":{"line":89,"column":25},"skip":true},{"start":{"line":89,"column":29},"end":{"line":89,"column":48},"skip":true},{"start":{"line":89,"column":52},"end":{"line":89,"column":74},"skip":true}]},"12":{"line":92,"type":"if","locations":[{"start":{"line":92,"column":16},"end":{"line":92,"column":16},"skip":true},{"start":{"line":92,"column":16},"end":{"line":92,"column":16},"skip":true}]},"13":{"line":108,"type":"if","locations":[{"start":{"line":108,"column":12},"end":{"line":108,"column":12},"skip":true},{"start":{"line":108,"column":12},"end":{"line":108,"column":12},"skip":true}]},"14":{"line":108,"type":"binary-expr","locations":[{"start":{"line":108,"column":16},"end":{"line":108,"column":61},"skip":true},{"start":{"line":108,"column":66},"end":{"line":108,"column":72},"skip":true},{"start":{"line":108,"column":77},"end":{"line":108,"column":82},"skip":true},{"start":{"line":109,"column":20},"end":{"line":109,"column":39},"skip":true},{"start":{"line":110,"column":20},"end":{"line":110,"column":49},"skip":true},{"start":{"line":111,"column":20},"end":{"line":111,"column":58},"skip":true},{"start":{"line":112,"column":20},"end":{"line":112,"column":68},"skip":true}]},"15":{"line":129,"type":"if","locations":[{"start":{"line":129,"column":16},"end":{"line":129,"column":16},"skip":true},{"start":{"line":129,"column":16},"end":{"line":129,"column":16},"skip":true}]},"16":{"line":134,"type":"cond-expr","locations":[{"start":{"line":135,"column":26},"end":{"line":135,"column":29},"skip":true},{"start":{"line":136,"column":26},"end":{"line":136,"column":54},"skip":true}]},"17":{"line":164,"type":"binary-expr","locations":[{"start":{"line":164,"column":27},"end":{"line":164,"column":43},"skip":true},{"start":{"line":164,"column":47},"end":{"line":164,"column":49},"skip":true}]},"18":{"line":258,"type":"if","locations":[{"start":{"line":258,"column":8},"end":{"line":258,"column":8},"skip":true},{"start":{"line":258,"column":8},"end":{"line":258,"column":8},"skip":true}]},"19":{"line":275,"type":"switch","locations":[{"start":{"line":276,"column":20},"end":{"line":277,"column":64},"skip":true},{"start":{"line":278,"column":20},"end":{"line":279,"column":40},"skip":true},{"start":{"line":280,"column":20},"end":{"line":281,"column":40},"skip":true},{"start":{"line":282,"column":20},"end":{"line":283,"column":39},"skip":true}]},"20":{"line":288,"type":"if","locations":[{"start":{"line":288,"column":8},"end":{"line":288,"column":8},"skip":true},{"start":{"line":288,"column":8},"end":{"line":288,"column":8},"skip":true}]},"21":{"line":288,"type":"binary-expr","locations":[{"start":{"line":288,"column":12},"end":{"line":288,"column":40},"skip":true},{"start":{"line":288,"column":44},"end":{"line":288,"column":67},"skip":true}]},"22":{"line":292,"type":"binary-expr","locations":[{"start":{"line":292,"column":12},"end":{"line":292,"column":50},"skip":true},{"start":{"line":293,"column":12},"end":{"line":293,"column":53},"skip":true}]},"23":{"line":295,"type":"binary-expr","locations":[{"start":{"line":295,"column":12},"end":{"line":295,"column":62},"skip":true},{"start":{"line":296,"column":12},"end":{"line":301,"column":36},"skip":true}]},"24":{"line":302,"type":"binary-expr","locations":[{"start":{"line":302,"column":43},"end":{"line":302,"column":75},"skip":true},{"start":{"line":302,"column":79},"end":{"line":302,"column":81},"skip":true}]},"25":{"line":305,"type":"if","locations":[{"start":{"line":305,"column":8},"end":{"line":305,"column":8},"skip":true},{"start":{"line":305,"column":8},"end":{"line":305,"column":8},"skip":true}]},"26":{"line":309,"type":"if","locations":[{"start":{"line":309,"column":8},"end":{"line":309,"column":8},"skip":true},{"start":{"line":309,"column":8},"end":{"line":309,"column":8},"skip":true}]},"27":{"line":312,"type":"binary-expr","locations":[{"start":{"line":312,"column":27},"end":{"line":312,"column":43},"skip":true},{"start":{"line":312,"column":47},"end":{"line":312,"column":53},"skip":true}]},"28":{"line":316,"type":"if","locations":[{"start":{"line":316,"column":12},"end":{"line":316,"column":12},"skip":true},{"start":{"line":316,"column":12},"end":{"line":316,"column":12},"skip":true}]}},"code":["/*","example.js","","quickstart example","","instruction","    1. save this script as example.js","    2. run the shell command:","        $ npm install npmtest-knex && PORT=8081 node example.js","    3. play with the browser-demo on http://127.0.0.1:8081","*/","","","","/* istanbul instrument in package npmtest_knex */","/*jslint","    bitwise: true,","    browser: true,","    maxerr: 8,","    maxlen: 96,","    node: true,","    nomen: true,","    regexp: true,","    stupid: true","*/","(function () {","    'use strict';","    var local;","","","","    // run shared js-env code - pre-init","    (function () {","        // init local","        local = {};","        // init modeJs","        local.modeJs = (function () {","            try {","                return typeof navigator.userAgent === 'string' &&","                    typeof document.querySelector('body') === 'object' &&","                    typeof XMLHttpRequest.prototype.open === 'function' &&","                    'browser';","            } catch (errorCaughtBrowser) {","                return module.exports &&","                    typeof process.versions.node === 'string' &&","                    typeof require('http').createServer === 'function' &&","                    'node';","            }","        }());","        // init global","        local.global = local.modeJs === 'browser'","            ? window","            : global;","        // init utility2_rollup","        local = local.global.utility2_rollup || (local.modeJs === 'browser'","            ? local.global.utility2_npmtest_knex","            : global.utility2_moduleExports);","        // export local","        local.global.local = local;","    }());","    switch (local.modeJs) {","","","","    // post-init","    // run browser js-env code - post-init","    /* istanbul ignore next */","    case 'browser':","        local.testRunBrowser = function (event) {","            if (!event || (event &&","                    event.currentTarget &&","                    event.currentTarget.className &&","                    event.currentTarget.className.includes &&","                    event.currentTarget.className.includes('onreset'))) {","                // reset output","                Array.from(","                    document.querySelectorAll('body > .resettable')","                ).forEach(function (element) {","                    switch (element.tagName) {","                    case 'INPUT':","                    case 'TEXTAREA':","                        element.value = '';","                        break;","                    default:","                        element.textContent = '';","                    }","                });","            }","            switch (event && event.currentTarget && event.currentTarget.id) {","            case 'testRunButton1':","                // show tests","                if (document.querySelector('#testReportDiv1').style.display === 'none') {","                    document.querySelector('#testReportDiv1').style.display = 'block';","                    document.querySelector('#testRunButton1').textContent =","                        'hide internal test';","                    local.modeTest = true;","                    local.testRunDefault(local);","                // hide tests","                } else {","                    document.querySelector('#testReportDiv1').style.display = 'none';","                    document.querySelector('#testRunButton1').textContent = 'run internal test';","                }","                break;","            // custom-case","            default:","                break;","            }","            if (document.querySelector('#inputTextareaEval1') && (!event || (event &&","                    event.currentTarget &&","                    event.currentTarget.className &&","                    event.currentTarget.className.includes &&","                    event.currentTarget.className.includes('oneval')))) {","                // try to eval input-code","                try {","                    /*jslint evil: true*/","                    eval(document.querySelector('#inputTextareaEval1').value);","                } catch (errorCaught) {","                    console.error(errorCaught);","                }","            }","        };","        // log stderr and stdout to #outputTextareaStdout1","        ['error', 'log'].forEach(function (key) {","            console[key + '_original'] = console[key];","            console[key] = function () {","                var element;","                console[key + '_original'].apply(console, arguments);","                element = document.querySelector('#outputTextareaStdout1');","                if (!element) {","                    return;","                }","                // append text to #outputTextareaStdout1","                element.value += Array.from(arguments).map(function (arg) {","                    return typeof arg === 'string'","                        ? arg","                        : JSON.stringify(arg, null, 4);","                }).join(' ') + '\\n';","                // scroll textarea to bottom","                element.scrollTop = element.scrollHeight;","            };","        });","        // init event-handling","        ['change', 'click', 'keyup'].forEach(function (event) {","            Array.from(document.querySelectorAll('.on' + event)).forEach(function (element) {","                element.addEventListener(event, local.testRunBrowser);","            });","        });","        // run tests","        local.testRunBrowser();","        break;","","","","    // run node js-env code - post-init","    /* istanbul ignore next */","    case 'node':","        // export local","        module.exports = local;","        // require modules","        local.fs = require('fs');","        local.http = require('http');","        local.url = require('url');","        // init assets","        local.assetsDict = local.assetsDict || {};","        /* jslint-ignore-begin */","        local.assetsDict['/assets.index.template.html'] = '\\","<!doctype html>\\n\\","<html lang=\"en\">\\n\\","<head>\\n\\","<meta charset=\"UTF-8\">\\n\\","<meta name=\"viewport\" content=\"width=device-width, initial-scale=1\">\\n\\","<title>{{env.npm_package_name}} (v{{env.npm_package_version}})</title>\\n\\","<style>\\n\\","/*csslint\\n\\","    box-sizing: false,\\n\\","    universal-selector: false\\n\\","*/\\n\\","* {\\n\\","    box-sizing: border-box;\\n\\","}\\n\\","body {\\n\\","    background: #dde;\\n\\","    font-family: Arial, Helvetica, sans-serif;\\n\\","    margin: 2rem;\\n\\","}\\n\\","body > * {\\n\\","    margin-bottom: 1rem;\\n\\","}\\n\\",".utility2FooterDiv {\\n\\","    margin-top: 20px;\\n\\","    text-align: center;\\n\\","}\\n\\","</style>\\n\\","<style>\\n\\","/*csslint\\n\\","*/\\n\\","textarea {\\n\\","    font-family: monospace;\\n\\","    height: 10rem;\\n\\","    width: 100%;\\n\\","}\\n\\","textarea[readonly] {\\n\\","    background: #ddd;\\n\\","}\\n\\","</style>\\n\\","</head>\\n\\","<body>\\n\\","<!-- utility2-comment\\n\\","<div id=\"ajaxProgressDiv1\" style=\"background: #d00; height: 2px; left: 0; margin: 0; padding: 0; position: fixed; top: 0; transition: background 0.5s, width 1.5s; width: 25%;\"></div>\\n\\","utility2-comment -->\\n\\","<h1>\\n\\","<!-- utility2-comment\\n\\","    <a\\n\\","        {{#if env.npm_package_homepage}}\\n\\","        href=\"{{env.npm_package_homepage}}\"\\n\\","        {{/if env.npm_package_homepage}}\\n\\","        target=\"_blank\"\\n\\","    >\\n\\","utility2-comment -->\\n\\","        {{env.npm_package_name}} (v{{env.npm_package_version}})\\n\\","<!-- utility2-comment\\n\\","    </a>\\n\\","utility2-comment -->\\n\\","</h1>\\n\\","<h3>{{env.npm_package_description}}</h3>\\n\\","<!-- utility2-comment\\n\\","<h4><a download href=\"assets.app.js\">download standalone app</a></h4>\\n\\","<button class=\"onclick onreset\" id=\"testRunButton1\">run internal test</button><br>\\n\\","<div id=\"testReportDiv1\" style=\"display: none;\"></div>\\n\\","utility2-comment -->\\n\\","\\n\\","\\n\\","\\n\\","<label>stderr and stdout</label>\\n\\","<textarea class=\"resettable\" id=\"outputTextareaStdout1\" readonly></textarea>\\n\\","<!-- utility2-comment\\n\\","{{#if isRollup}}\\n\\","<script src=\"assets.app.js\"></script>\\n\\","{{#unless isRollup}}\\n\\","utility2-comment -->\\n\\","<script src=\"assets.utility2.rollup.js\"></script>\\n\\","<script src=\"jsonp.utility2._stateInit?callback=window.utility2._stateInit\"></script>\\n\\","<script src=\"assets.npmtest_knex.rollup.js\"></script>\\n\\","<script src=\"assets.example.js\"></script>\\n\\","<script src=\"assets.test.js\"></script>\\n\\","<!-- utility2-comment\\n\\","{{/if isRollup}}\\n\\","utility2-comment -->\\n\\","<div class=\"utility2FooterDiv\">\\n\\","    [ this app was created with\\n\\","    <a href=\"https://github.com/kaizhu256/node-utility2\" target=\"_blank\">utility2</a>\\n\\","    ]\\n\\","</div>\\n\\","</body>\\n\\","</html>\\n\\","';","        /* jslint-ignore-end */","        if (local.templateRender) {","            local.assetsDict['/'] = local.templateRender(","                local.assetsDict['/assets.index.template.html'],","                {","                    env: local.objectSetDefault(local.env, {","                        npm_package_description: 'the greatest app in the world!',","                        npm_package_name: 'my-app',","                        npm_package_nameAlias: 'my_app',","                        npm_package_version: '0.0.1'","                    })","                }","            );","        } else {","            local.assetsDict['/'] = local.assetsDict['/assets.index.template.html']","                .replace((/\\{\\{env\\.(\\w+?)\\}\\}/g), function (match0, match1) {","                    // jslint-hack","                    String(match0);","                    switch (match1) {","                    case 'npm_package_description':","                        return 'the greatest app in the world!';","                    case 'npm_package_name':","                        return 'my-app';","                    case 'npm_package_nameAlias':","                        return 'my_app';","                    case 'npm_package_version':","                        return '0.0.1';","                    }","                });","        }","        // run the cli","        if (local.global.utility2_rollup || module !== require.main) {","            break;","        }","        local.assetsDict['/assets.example.js'] =","            local.assetsDict['/assets.example.js'] ||","            local.fs.readFileSync(__filename, 'utf8');","        local.assetsDict['/assets.npmtest_knex.rollup.js'] =","            local.assetsDict['/assets.npmtest_knex.rollup.js'] ||","            local.fs.readFileSync(","                // buildCustomOrg-hack","                local.npmtest_knex.__dirname +","                    '/lib.npmtest_knex.js',","                'utf8'","            ).replace((/^#!/), '//');","        local.assetsDict['/favicon.ico'] = local.assetsDict['/favicon.ico'] || '';","        // if $npm_config_timeout_exit exists,","        // then exit this process after $npm_config_timeout_exit ms","        if (Number(process.env.npm_config_timeout_exit)) {","            setTimeout(process.exit, Number(process.env.npm_config_timeout_exit));","        }","        // start server","        if (local.global.utility2_serverHttp1) {","            break;","        }","        process.env.PORT = process.env.PORT || '8081';","        console.error('server starting on port ' + process.env.PORT);","        local.http.createServer(function (request, response) {","            request.urlParsed = local.url.parse(request.url);","            if (local.assetsDict[request.urlParsed.pathname] !== undefined) {","                response.end(local.assetsDict[request.urlParsed.pathname]);","                return;","            }","            response.statusCode = 404;","            response.end();","        }).listen(process.env.PORT);","        break;","    }","}());",""],"l":{"26":2,"28":2,"33":2,"35":2,"37":2,"38":2,"39":2,"44":1,"51":2,"55":2,"59":2,"61":2,"69":1,"70":2,"76":2,"79":2,"82":2,"83":2,"85":1,"89":2,"92":1,"93":1,"94":1,"96":1,"97":1,"100":1,"101":1,"103":1,"106":1,"108":2,"114":1,"116":1,"118":1,"123":1,"124":2,"125":2,"126":2,"127":2,"128":2,"129":2,"130":1,"133":2,"134":2,"139":2,"143":1,"144":3,"145":1,"149":1,"150":1,"158":1,"160":1,"161":1,"162":1,"164":1,"166":1,"258":1,"259":1,"271":1,"274":6,"275":6,"277":1,"279":2,"281":1,"283":2,"288":1,"289":1,"291":1,"294":1,"302":1,"305":1,"306":1,"309":1,"310":1,"312":1,"313":1,"314":1,"315":1,"316":1,"317":1,"318":1,"320":1,"321":1,"323":1}},"/home/travis/build/npmtest/node-npmtest-knex/node_modules/knex/knex.js":{"path":"/home/travis/build/npmtest/node-npmtest-knex/node_modules/knex/knex.js","s":{"1":1},"b":{},"f":{},"fnMap":{},"statementMap":{"1":{"start":{"line":8,"column":0},"end":{"line":8,"column":40}}},"branchMap":{},"code":["// Knex.js","// --------------","//     (c) 2013-present Tim Griesser","//     Knex may be freely distributed under the MIT license.","//     For details and documentation:","//     http://knexjs.org","","module.exports = require('./lib/index');",""],"l":{"8":1}},"/home/travis/build/npmtest/node-npmtest-knex/node_modules/knex/lib/index.js":{"path":"/home/travis/build/npmtest/node-npmtest-knex/node_modules/knex/lib/index.js","s":{"1":1,"2":1,"3":1,"4":1,"5":1,"6":1,"7":1,"8":1,"9":1,"10":1,"11":1,"12":1,"13":1,"14":1,"15":1,"16":1,"17":6,"18":1,"19":1,"20":0,"21":0,"22":0,"23":0,"24":0,"25":0,"26":0,"27":0,"28":0,"29":0,"30":0,"31":0,"32":1,"33":1,"34":0,"35":0,"36":0,"37":0,"38":1,"39":0,"40":0,"41":1,"42":0,"43":1},"b":{"1":[1,5],"2":[6,6],"3":[0,0],"4":[0,0],"5":[0,0,0],"6":[0,0],"7":[0,0],"8":[0,0],"9":[0,0],"10":[0,0],"11":[0,1]},"f":{"1":6,"2":0,"3":0,"4":0,"5":0},"fnMap":{"1":{"name":"_interopRequireDefault","line":33,"loc":{"start":{"line":33,"column":0},"end":{"line":33,"column":37}}},"2":{"name":"Knex","line":44,"loc":{"start":{"line":44,"column":0},"end":{"line":44,"column":22}}},"3":{"name":"get","line":68,"loc":{"start":{"line":68,"column":9},"end":{"line":68,"column":24}}},"4":{"name":"get","line":74,"loc":{"start":{"line":74,"column":9},"end":{"line":74,"column":24}}},"5":{"name":"(anonymous_5)","line":83,"loc":{"start":{"line":83,"column":11},"end":{"line":83,"column":36}}}},"statementMap":{"1":{"start":{"line":3,"column":0},"end":{"line":3,"column":26}},"2":{"start":{"line":5,"column":0},"end":{"line":5,"column":82}},"3":{"start":{"line":7,"column":0},"end":{"line":7,"column":67}},"4":{"start":{"line":9,"column":0},"end":{"line":9,"column":40}},"5":{"start":{"line":11,"column":0},"end":{"line":11,"column":48}},"6":{"start":{"line":13,"column":0},"end":{"line":13,"column":23}},"7":{"start":{"line":15,"column":0},"end":{"line":15,"column":28}},"8":{"start":{"line":17,"column":0},"end":{"line":17,"column":41}},"9":{"start":{"line":19,"column":0},"end":{"line":19,"column":36}},"10":{"start":{"line":21,"column":0},"end":{"line":21,"column":34}},"11":{"start":{"line":23,"column":0},"end":{"line":23,"column":47}},"12":{"start":{"line":25,"column":0},"end":{"line":25,"column":44}},"13":{"start":{"line":27,"column":0},"end":{"line":27,"column":51}},"14":{"start":{"line":29,"column":0},"end":{"line":29,"column":58}},"15":{"start":{"line":31,"column":0},"end":{"line":31,"column":65}},"16":{"start":{"line":33,"column":0},"end":{"line":33,"column":95}},"17":{"start":{"line":33,"column":39},"end":{"line":33,"column":93}},"18":{"start":{"line":36,"column":0},"end":{"line":42,"column":2}},"19":{"start":{"line":44,"column":0},"end":{"line":61,"column":1}},"20":{"start":{"line":45,"column":2},"end":{"line":47,"column":3}},"21":{"start":{"line":46,"column":4},"end":{"line":46,"column":97}},"22":{"start":{"line":48,"column":2},"end":{"line":48,"column":23}},"23":{"start":{"line":49,"column":2},"end":{"line":56,"column":3}},"24":{"start":{"line":50,"column":4},"end":{"line":50,"column":31}},"25":{"start":{"line":51,"column":9},"end":{"line":56,"column":3}},"26":{"start":{"line":52,"column":4},"end":{"line":52,"column":28}},"27":{"start":{"line":54,"column":4},"end":{"line":54,"column":53}},"28":{"start":{"line":55,"column":4},"end":{"line":55,"column":89}},"29":{"start":{"line":57,"column":2},"end":{"line":59,"column":3}},"30":{"start":{"line":58,"column":4},"end":{"line":58,"column":125}},"31":{"start":{"line":60,"column":2},"end":{"line":60,"column":54}},"32":{"start":{"line":64,"column":0},"end":{"line":64,"column":31}},"33":{"start":{"line":66,"column":0},"end":{"line":79,"column":3}},"34":{"start":{"line":69,"column":6},"end":{"line":69,"column":134}},"35":{"start":{"line":70,"column":6},"end":{"line":70,"column":22}},"36":{"start":{"line":75,"column":6},"end":{"line":75,"column":106}},"37":{"start":{"line":76,"column":6},"end":{"line":76,"column":33}},"38":{"start":{"line":83,"column":0},"end":{"line":86,"column":2}},"39":{"start":{"line":84,"column":2},"end":{"line":84,"column":107}},"40":{"start":{"line":85,"column":2},"end":{"line":85,"column":48}},"41":{"start":{"line":90,"column":0},"end":{"line":92,"column":1}},"42":{"start":{"line":91,"column":2},"end":{"line":91,"column":40}},"43":{"start":{"line":93,"column":0},"end":{"line":93,"column":36}}},"branchMap":{"1":{"line":33,"type":"cond-expr","locations":[{"start":{"line":33,"column":70},"end":{"line":33,"column":73}},{"start":{"line":33,"column":76},"end":{"line":33,"column":92}}]},"2":{"line":33,"type":"binary-expr","locations":[{"start":{"line":33,"column":46},"end":{"line":33,"column":49}},{"start":{"line":33,"column":53},"end":{"line":33,"column":67}}]},"3":{"line":45,"type":"if","locations":[{"start":{"line":45,"column":2},"end":{"line":45,"column":2}},{"start":{"line":45,"column":2},"end":{"line":45,"column":2}}]},"4":{"line":49,"type":"if","locations":[{"start":{"line":49,"column":2},"end":{"line":49,"column":2}},{"start":{"line":49,"column":2},"end":{"line":49,"column":2}}]},"5":{"line":49,"type":"binary-expr","locations":[{"start":{"line":49,"column":6},"end":{"line":49,"column":28}},{"start":{"line":49,"column":32},"end":{"line":49,"column":46}},{"start":{"line":49,"column":50},"end":{"line":49,"column":65}}]},"6":{"line":51,"type":"if","locations":[{"start":{"line":51,"column":9},"end":{"line":51,"column":9}},{"start":{"line":51,"column":9},"end":{"line":51,"column":9}}]},"7":{"line":51,"type":"binary-expr","locations":[{"start":{"line":51,"column":13},"end":{"line":51,"column":48}},{"start":{"line":51,"column":52},"end":{"line":51,"column":103}}]},"8":{"line":54,"type":"binary-expr","locations":[{"start":{"line":54,"column":21},"end":{"line":54,"column":34}},{"start":{"line":54,"column":38},"end":{"line":54,"column":52}}]},"9":{"line":55,"type":"binary-expr","locations":[{"start":{"line":55,"column":39},"end":{"line":55,"column":58}},{"start":{"line":55,"column":62},"end":{"line":55,"column":72}}]},"10":{"line":57,"type":"if","locations":[{"start":{"line":57,"column":2},"end":{"line":57,"column":2}},{"start":{"line":57,"column":2},"end":{"line":57,"column":2}}]},"11":{"line":90,"type":"if","locations":[{"start":{"line":90,"column":0},"end":{"line":90,"column":0}},{"start":{"line":90,"column":0},"end":{"line":90,"column":0}}]}},"code":["'use strict';","","exports.__esModule = true;","","var _defineProperties = require('babel-runtime/core-js/object/define-properties');","","var _defineProperties2 = _interopRequireDefault(_defineProperties);","","var _assign2 = require('lodash/assign');","","var _assign3 = _interopRequireDefault(_assign2);","","exports.default = Knex;","","var _raw = require('./raw');","","var _raw2 = _interopRequireDefault(_raw);","","var _helpers = require('./helpers');","","var _client = require('./client');","","var _client2 = _interopRequireDefault(_client);","","var _makeKnex = require('./util/make-knex');","","var _makeKnex2 = _interopRequireDefault(_makeKnex);","","var _parseConnection = require('./util/parse-connection');","","var _parseConnection2 = _interopRequireDefault(_parseConnection);","","function _interopRequireDefault(obj) { return obj && obj.__esModule ? obj : { default: obj }; }","","// The client names we'll allow in the `{name: lib}` pairing.","var aliases = {","  'mariadb': 'maria',","  'mariasql': 'maria',","  'pg': 'postgres',","  'postgresql': 'postgres',","  'sqlite': 'sqlite3'","};","","function Knex(config) {","  if (typeof config === 'string') {","    return new Knex((0, _assign3.default)((0, _parseConnection2.default)(config), arguments[2]));","  }","  var Dialect = void 0;","  if (arguments.length === 0 || !config.client && !config.dialect) {","    Dialect = _client2.default;","  } else if (typeof config.client === 'function' && config.client.prototype instanceof _client2.default) {","    Dialect = config.client;","  } else {","    var clientName = config.client || config.dialect;","    Dialect = require('./dialects/' + (aliases[clientName] || clientName) + '/index.js');","  }","  if (typeof config.connection === 'string') {","    config = (0, _assign3.default)({}, config, { connection: (0, _parseConnection2.default)(config.connection).connection });","  }","  return (0, _makeKnex2.default)(new Dialect(config));","}","","// Expose Client on the main Knex namespace.","Knex.Client = _client2.default;","","(0, _defineProperties2.default)(Knex, {","  VERSION: {","    get: function get() {","      (0, _helpers.warn)('Knex.VERSION is deprecated, you can get the module version' + \"by running require('knex/package').version\");","      return '0.12.6';","    }","  },","  Promise: {","    get: function get() {","      (0, _helpers.warn)('Knex.Promise is deprecated, either require bluebird or use the global Promise');","      return require('bluebird');","    }","  }","});","","// Run a \"raw\" query, though we can't do anything with it other than put","// it in a query statement.","Knex.raw = function (sql, bindings) {","  (0, _helpers.warn)('global Knex.raw is deprecated, use knex.raw (chain off an initialized knex object)');","  return new _raw2.default().set(sql, bindings);","};","","// Doing this ensures Browserify works. Still need to figure out","// the best way to do some of this.","if (process.browser) {","  require('./dialects/websql/index.js');","}","module.exports = exports['default'];"],"l":{"3":1,"5":1,"7":1,"9":1,"11":1,"13":1,"15":1,"17":1,"19":1,"21":1,"23":1,"25":1,"27":1,"29":1,"31":1,"33":6,"36":1,"44":1,"45":0,"46":0,"48":0,"49":0,"50":0,"51":0,"52":0,"54":0,"55":0,"57":0,"58":0,"60":0,"64":1,"66":1,"69":0,"70":0,"75":0,"76":0,"83":1,"84":0,"85":0,"90":1,"91":0,"93":1}},"/home/travis/build/npmtest/node-npmtest-knex/node_modules/knex/lib/raw.js":{"path":"/home/travis/build/npmtest/node-npmtest-knex/node_modules/knex/lib/raw.js","s":{"1":1,"2":1,"3":1,"4":1,"5":1,"6":1,"7":1,"8":1,"9":1,"10":1,"11":1,"12":1,"13":1,"14":1,"15":1,"16":1,"17":1,"18":1,"19":1,"20":1,"21":1,"22":1,"23":1,"24":1,"25":1,"26":1,"27":1,"28":0,"29":0,"30":0,"31":0,"32":0,"33":0,"34":0,"35":1,"36":10,"37":1,"38":1,"39":0,"40":1,"41":0,"42":0,"43":0,"44":0,"45":0,"46":0,"47":0,"48":1,"49":1,"50":0,"51":0,"52":0,"53":0,"54":0,"55":0,"56":0,"57":0,"58":0,"59":0,"60":0,"61":0,"62":0,"63":0,"64":0,"65":0,"66":0,"67":0,"68":0,"69":0,"70":0,"71":0,"72":0,"73":0,"74":0,"75":0,"76":0,"77":0,"78":0,"79":0,"80":0,"81":0,"82":0,"83":0,"84":0,"85":0,"86":0,"87":1,"88":0,"89":0,"90":0,"91":0,"92":0,"93":0,"94":0,"95":0,"96":0,"97":0,"98":0,"99":0,"100":0,"101":1,"102":0,"103":0,"104":0,"105":0,"106":0,"107":0,"108":0,"109":0,"110":0,"111":0,"112":0,"113":0,"114":0,"115":0,"116":0,"117":0,"118":0,"119":0,"120":1,"121":1,"122":1},"b":{"1":[1,0],"2":[1,1],"3":[0,0],"4":[0,0],"5":[0,10],"6":[10,10],"7":[0,0],"8":[0,0],"9":[0,0,0],"10":[0,0],"11":[0,0,0],"12":[0,0],"13":[0,0],"14":[0,0],"15":[0,0],"16":[0,0],"17":[0,0],"18":[0,0],"19":[0,0],"20":[0,0],"21":[0,0],"22":[0,0],"23":[0,0],"24":[0,0],"25":[0,0],"26":[0,0],"27":[0,0],"28":[0,0],"29":[0,0],"30":[0,0],"31":[0,0,0],"32":[0,0],"33":[0,0],"34":[0,0]},"f":{"1":1,"2":10,"3":0,"4":0,"5":0,"6":0,"7":0,"8":0,"9":0,"10":0,"11":0,"12":0,"13":0},"fnMap":{"1":{"name":"_interopRequireWildcard","line":51,"loc":{"start":{"line":51,"column":0},"end":{"line":51,"column":38}}},"2":{"name":"_interopRequireDefault","line":53,"loc":{"start":{"line":53,"column":0},"end":{"line":53,"column":37}}},"3":{"name":"formatter","line":60,"loc":{"start":{"line":60,"column":13},"end":{"line":60,"column":34}}},"4":{"name":"Raw","line":65,"loc":{"start":{"line":65,"column":0},"end":{"line":65,"column":15}}},"5":{"name":"set","line":81,"loc":{"start":{"line":81,"column":7},"end":{"line":81,"column":35}}},"6":{"name":"timeout","line":87,"loc":{"start":{"line":87,"column":11},"end":{"line":87,"column":32}}},"7":{"name":"wrap","line":104,"loc":{"start":{"line":104,"column":8},"end":{"line":104,"column":37}}},"8":{"name":"toString","line":112,"loc":{"start":{"line":112,"column":12},"end":{"line":112,"column":32}}},"9":{"name":"toSQL","line":118,"loc":{"start":{"line":118,"column":9},"end":{"line":118,"column":36}}},"10":{"name":"replaceRawArrBindings","line":162,"loc":{"start":{"line":162,"column":0},"end":{"line":162,"column":47}}},"11":{"name":"(anonymous_11)","line":167,"loc":{"start":{"line":167,"column":41},"end":{"line":167,"column":58}}},"12":{"name":"replaceKeyBindings","line":191,"loc":{"start":{"line":191,"column":0},"end":{"line":191,"column":44}}},"13":{"name":"(anonymous_13)","line":198,"loc":{"start":{"line":198,"column":31},"end":{"line":198,"column":64}}}},"statementMap":{"1":{"start":{"line":3,"column":0},"end":{"line":3,"column":26}},"2":{"start":{"line":5,"column":0},"end":{"line":5,"column":44}},"3":{"start":{"line":7,"column":0},"end":{"line":7,"column":52}},"4":{"start":{"line":9,"column":0},"end":{"line":9,"column":50}},"5":{"start":{"line":11,"column":0},"end":{"line":11,"column":58}},"6":{"start":{"line":13,"column":0},"end":{"line":13,"column":44}},"7":{"start":{"line":15,"column":0},"end":{"line":15,"column":52}},"8":{"start":{"line":17,"column":0},"end":{"line":17,"column":54}},"9":{"start":{"line":19,"column":0},"end":{"line":19,"column":62}},"10":{"start":{"line":21,"column":0},"end":{"line":21,"column":40}},"11":{"start":{"line":23,"column":0},"end":{"line":23,"column":48}},"12":{"start":{"line":25,"column":0},"end":{"line":25,"column":40}},"13":{"start":{"line":27,"column":0},"end":{"line":27,"column":48}},"14":{"start":{"line":29,"column":0},"end":{"line":29,"column":36}},"15":{"start":{"line":31,"column":0},"end":{"line":31,"column":51}},"16":{"start":{"line":33,"column":0},"end":{"line":33,"column":36}},"17":{"start":{"line":35,"column":0},"end":{"line":35,"column":48}},"18":{"start":{"line":37,"column":0},"end":{"line":37,"column":32}},"19":{"start":{"line":39,"column":0},"end":{"line":39,"column":30}},"20":{"start":{"line":41,"column":0},"end":{"line":41,"column":45}},"21":{"start":{"line":43,"column":0},"end":{"line":43,"column":40}},"22":{"start":{"line":45,"column":0},"end":{"line":45,"column":53}},"23":{"start":{"line":47,"column":0},"end":{"line":47,"column":28}},"24":{"start":{"line":49,"column":0},"end":{"line":49,"column":43}},"25":{"start":{"line":51,"column":0},"end":{"line":51,"column":269}},"26":{"start":{"line":51,"column":40},"end":{"line":51,"column":267}},"27":{"start":{"line":51,"column":69},"end":{"line":51,"column":80}},"28":{"start":{"line":51,"column":90},"end":{"line":51,"column":106}},"29":{"start":{"line":51,"column":107},"end":{"line":51,"column":228}},"30":{"start":{"line":51,"column":126},"end":{"line":51,"column":226}},"31":{"start":{"line":51,"column":149},"end":{"line":51,"column":224}},"32":{"start":{"line":51,"column":201},"end":{"line":51,"column":224}},"33":{"start":{"line":51,"column":229},"end":{"line":51,"column":250}},"34":{"start":{"line":51,"column":251},"end":{"line":51,"column":265}},"35":{"start":{"line":53,"column":0},"end":{"line":53,"column":95}},"36":{"start":{"line":53,"column":39},"end":{"line":53,"column":93}},"37":{"start":{"line":57,"column":0},"end":{"line":57,"column":58}},"38":{"start":{"line":59,"column":0},"end":{"line":63,"column":2}},"39":{"start":{"line":61,"column":4},"end":{"line":61,"column":47}},"40":{"start":{"line":65,"column":0},"end":{"line":77,"column":1}},"41":{"start":{"line":66,"column":2},"end":{"line":66,"column":95}},"42":{"start":{"line":68,"column":2},"end":{"line":68,"column":23}},"43":{"start":{"line":70,"column":2},"end":{"line":70,"column":16}},"44":{"start":{"line":71,"column":2},"end":{"line":71,"column":21}},"45":{"start":{"line":74,"column":2},"end":{"line":74,"column":34}},"46":{"start":{"line":75,"column":2},"end":{"line":75,"column":33}},"47":{"start":{"line":76,"column":2},"end":{"line":76,"column":63}},"48":{"start":{"line":78,"column":0},"end":{"line":78,"column":51}},"49":{"start":{"line":80,"column":0},"end":{"line":160,"column":3}},"50":{"start":{"line":82,"column":4},"end":{"line":82,"column":19}},"51":{"start":{"line":83,"column":4},"end":{"line":83,"column":137}},"52":{"start":{"line":85,"column":4},"end":{"line":85,"column":16}},"53":{"start":{"line":88,"column":4},"end":{"line":88,"column":87}},"54":{"start":{"line":90,"column":4},"end":{"line":90,"column":29}},"55":{"start":{"line":92,"column":4},"end":{"line":98,"column":5}},"56":{"start":{"line":93,"column":6},"end":{"line":93,"column":25}},"57":{"start":{"line":94,"column":6},"end":{"line":97,"column":7}},"58":{"start":{"line":95,"column":8},"end":{"line":95,"column":43}},"59":{"start":{"line":96,"column":8},"end":{"line":96,"column":37}},"60":{"start":{"line":99,"column":4},"end":{"line":99,"column":16}},"61":{"start":{"line":105,"column":4},"end":{"line":105,"column":33}},"62":{"start":{"line":106,"column":4},"end":{"line":106,"column":31}},"63":{"start":{"line":107,"column":4},"end":{"line":107,"column":16}},"64":{"start":{"line":113,"column":4},"end":{"line":113,"column":26}},"65":{"start":{"line":119,"column":4},"end":{"line":119,"column":21}},"66":{"start":{"line":120,"column":4},"end":{"line":120,"column":44}},"67":{"start":{"line":122,"column":4},"end":{"line":132,"column":5}},"68":{"start":{"line":123,"column":6},"end":{"line":123,"column":51}},"69":{"start":{"line":124,"column":11},"end":{"line":132,"column":5}},"70":{"start":{"line":125,"column":6},"end":{"line":125,"column":48}},"71":{"start":{"line":127,"column":6},"end":{"line":131,"column":8}},"72":{"start":{"line":134,"column":4},"end":{"line":136,"column":5}},"73":{"start":{"line":135,"column":6},"end":{"line":135,"column":46}},"74":{"start":{"line":137,"column":4},"end":{"line":139,"column":5}},"75":{"start":{"line":138,"column":6},"end":{"line":138,"column":45}},"76":{"start":{"line":141,"column":4},"end":{"line":141,"column":77}},"77":{"start":{"line":143,"column":4},"end":{"line":148,"column":5}},"78":{"start":{"line":144,"column":6},"end":{"line":144,"column":34}},"79":{"start":{"line":145,"column":6},"end":{"line":147,"column":7}},"80":{"start":{"line":146,"column":8},"end":{"line":146,"column":52}},"81":{"start":{"line":150,"column":4},"end":{"line":150,"column":38}},"82":{"start":{"line":151,"column":4},"end":{"line":154,"column":5}},"83":{"start":{"line":152,"column":6},"end":{"line":152,"column":34}},"84":{"start":{"line":153,"column":6},"end":{"line":153,"column":92}},"85":{"start":{"line":156,"column":4},"end":{"line":156,"column":45}},"86":{"start":{"line":158,"column":4},"end":{"line":158,"column":15}},"87":{"start":{"line":162,"column":0},"end":{"line":189,"column":1}},"88":{"start":{"line":163,"column":2},"end":{"line":163,"column":45}},"89":{"start":{"line":164,"column":2},"end":{"line":164,"column":28}},"90":{"start":{"line":165,"column":2},"end":{"line":165,"column":16}},"91":{"start":{"line":167,"column":2},"end":{"line":178,"column":5}},"92":{"start":{"line":168,"column":4},"end":{"line":170,"column":5}},"93":{"start":{"line":169,"column":6},"end":{"line":169,"column":19}},"94":{"start":{"line":172,"column":4},"end":{"line":172,"column":32}},"95":{"start":{"line":174,"column":4},"end":{"line":176,"column":5}},"96":{"start":{"line":175,"column":6},"end":{"line":175,"column":40}},"97":{"start":{"line":177,"column":4},"end":{"line":177,"column":38}},"98":{"start":{"line":180,"column":2},"end":{"line":182,"column":3}},"99":{"start":{"line":181,"column":4},"end":{"line":181,"column":80}},"100":{"start":{"line":184,"column":2},"end":{"line":188,"column":4}},"101":{"start":{"line":191,"column":0},"end":{"line":228,"column":1}},"102":{"start":{"line":192,"column":2},"end":{"line":192,"column":28}},"103":{"start":{"line":194,"column":2},"end":{"line":194,"column":20}},"104":{"start":{"line":197,"column":2},"end":{"line":197,"column":56}},"105":{"start":{"line":198,"column":2},"end":{"line":221,"column":5}},"106":{"start":{"line":199,"column":4},"end":{"line":201,"column":5}},"107":{"start":{"line":200,"column":6},"end":{"line":200,"column":16}},"108":{"start":{"line":203,"column":4},"end":{"line":203,"column":30}},"109":{"start":{"line":204,"column":4},"end":{"line":204,"column":27}},"110":{"start":{"line":205,"column":4},"end":{"line":205,"column":51}},"111":{"start":{"line":206,"column":4},"end":{"line":206,"column":29}},"112":{"start":{"line":208,"column":4},"end":{"line":214,"column":5}},"113":{"start":{"line":209,"column":6},"end":{"line":211,"column":7}},"114":{"start":{"line":210,"column":8},"end":{"line":210,"column":39}},"115":{"start":{"line":213,"column":6},"end":{"line":213,"column":19}},"116":{"start":{"line":216,"column":4},"end":{"line":218,"column":5}},"117":{"start":{"line":217,"column":6},"end":{"line":217,"column":59}},"118":{"start":{"line":220,"column":4},"end":{"line":220,"column":57}},"119":{"start":{"line":223,"column":2},"end":{"line":227,"column":4}},"120":{"start":{"line":232,"column":0},"end":{"line":232,"column":28}},"121":{"start":{"line":234,"column":0},"end":{"line":234,"column":22}},"122":{"start":{"line":235,"column":0},"end":{"line":235,"column":36}}},"branchMap":{"1":{"line":51,"type":"if","locations":[{"start":{"line":51,"column":40},"end":{"line":51,"column":40}},{"start":{"line":51,"column":40},"end":{"line":51,"column":40}}]},"2":{"line":51,"type":"binary-expr","locations":[{"start":{"line":51,"column":44},"end":{"line":51,"column":47}},{"start":{"line":51,"column":51},"end":{"line":51,"column":65}}]},"3":{"line":51,"type":"if","locations":[{"start":{"line":51,"column":107},"end":{"line":51,"column":107}},{"start":{"line":51,"column":107},"end":{"line":51,"column":107}}]},"4":{"line":51,"type":"if","locations":[{"start":{"line":51,"column":149},"end":{"line":51,"column":149}},{"start":{"line":51,"column":149},"end":{"line":51,"column":149}}]},"5":{"line":53,"type":"cond-expr","locations":[{"start":{"line":53,"column":70},"end":{"line":53,"column":73}},{"start":{"line":53,"column":76},"end":{"line":53,"column":92}}]},"6":{"line":53,"type":"binary-expr","locations":[{"start":{"line":53,"column":46},"end":{"line":53,"column":49}},{"start":{"line":53,"column":53},"end":{"line":53,"column":67}}]},"7":{"line":66,"type":"cond-expr","locations":[{"start":{"line":66,"column":69},"end":{"line":66,"column":79}},{"start":{"line":66,"column":82},"end":{"line":66,"column":94}}]},"8":{"line":66,"type":"binary-expr","locations":[{"start":{"line":66,"column":15},"end":{"line":66,"column":36}},{"start":{"line":66,"column":40},"end":{"line":66,"column":66}}]},"9":{"line":76,"type":"binary-expr","locations":[{"start":{"line":76,"column":16},"end":{"line":76,"column":22}},{"start":{"line":76,"column":26},"end":{"line":76,"column":39}},{"start":{"line":76,"column":43},"end":{"line":76,"column":62}}]},"10":{"line":83,"type":"cond-expr","locations":[{"start":{"line":83,"column":115},"end":{"line":83,"column":123}},{"start":{"line":83,"column":126},"end":{"line":83,"column":136}}]},"11":{"line":83,"type":"binary-expr","locations":[{"start":{"line":83,"column":20},"end":{"line":83,"column":53}},{"start":{"line":83,"column":57},"end":{"line":83,"column":72}},{"start":{"line":83,"column":76},"end":{"line":83,"column":112}}]},"12":{"line":88,"type":"cond-expr","locations":[{"start":{"line":88,"column":69},"end":{"line":88,"column":71}},{"start":{"line":88,"column":74},"end":{"line":88,"column":86}}]},"13":{"line":88,"type":"binary-expr","locations":[{"start":{"line":88,"column":15},"end":{"line":88,"column":36}},{"start":{"line":88,"column":40},"end":{"line":88,"column":66}}]},"14":{"line":92,"type":"if","locations":[{"start":{"line":92,"column":4},"end":{"line":92,"column":4}},{"start":{"line":92,"column":4},"end":{"line":92,"column":4}}]},"15":{"line":92,"type":"binary-expr","locations":[{"start":{"line":92,"column":8},"end":{"line":92,"column":35}},{"start":{"line":92,"column":39},"end":{"line":92,"column":45}}]},"16":{"line":94,"type":"if","locations":[{"start":{"line":94,"column":6},"end":{"line":94,"column":6}},{"start":{"line":94,"column":6},"end":{"line":94,"column":6}}]},"17":{"line":122,"type":"if","locations":[{"start":{"line":122,"column":4},"end":{"line":122,"column":4}},{"start":{"line":122,"column":4},"end":{"line":122,"column":4}}]},"18":{"line":124,"type":"if","locations":[{"start":{"line":124,"column":11},"end":{"line":124,"column":11}},{"start":{"line":124,"column":11},"end":{"line":124,"column":11}}]},"19":{"line":124,"type":"binary-expr","locations":[{"start":{"line":124,"column":15},"end":{"line":124,"column":28}},{"start":{"line":124,"column":32},"end":{"line":124,"column":75}}]},"20":{"line":130,"type":"cond-expr","locations":[{"start":{"line":130,"column":62},"end":{"line":130,"column":64}},{"start":{"line":130,"column":67},"end":{"line":130,"column":82}}]},"21":{"line":134,"type":"if","locations":[{"start":{"line":134,"column":4},"end":{"line":134,"column":4}},{"start":{"line":134,"column":4},"end":{"line":134,"column":4}}]},"22":{"line":137,"type":"if","locations":[{"start":{"line":137,"column":4},"end":{"line":137,"column":4}},{"start":{"line":137,"column":4},"end":{"line":137,"column":4}}]},"23":{"line":143,"type":"if","locations":[{"start":{"line":143,"column":4},"end":{"line":143,"column":4}},{"start":{"line":143,"column":4},"end":{"line":143,"column":4}}]},"24":{"line":145,"type":"if","locations":[{"start":{"line":145,"column":6},"end":{"line":145,"column":6}},{"start":{"line":145,"column":6},"end":{"line":145,"column":6}}]},"25":{"line":150,"type":"binary-expr","locations":[{"start":{"line":150,"column":19},"end":{"line":150,"column":31}},{"start":{"line":150,"column":35},"end":{"line":150,"column":37}}]},"26":{"line":151,"type":"if","locations":[{"start":{"line":151,"column":4},"end":{"line":151,"column":4}},{"start":{"line":151,"column":4},"end":{"line":151,"column":4}}]},"27":{"line":168,"type":"if","locations":[{"start":{"line":168,"column":4},"end":{"line":168,"column":4}},{"start":{"line":168,"column":4},"end":{"line":168,"column":4}}]},"28":{"line":174,"type":"if","locations":[{"start":{"line":174,"column":4},"end":{"line":174,"column":4}},{"start":{"line":174,"column":4},"end":{"line":174,"column":4}}]},"29":{"line":180,"type":"if","locations":[{"start":{"line":180,"column":2},"end":{"line":180,"column":2}},{"start":{"line":180,"column":2},"end":{"line":180,"column":2}}]},"30":{"line":199,"type":"if","locations":[{"start":{"line":199,"column":4},"end":{"line":199,"column":4}},{"start":{"line":199,"column":4},"end":{"line":199,"column":4}}]},"31":{"line":203,"type":"binary-expr","locations":[{"start":{"line":203,"column":15},"end":{"line":203,"column":17}},{"start":{"line":203,"column":21},"end":{"line":203,"column":23}},{"start":{"line":203,"column":27},"end":{"line":203,"column":29}}]},"32":{"line":208,"type":"if","locations":[{"start":{"line":208,"column":4},"end":{"line":208,"column":4}},{"start":{"line":208,"column":4},"end":{"line":208,"column":4}}]},"33":{"line":209,"type":"if","locations":[{"start":{"line":209,"column":6},"end":{"line":209,"column":6}},{"start":{"line":209,"column":6},"end":{"line":209,"column":6}}]},"34":{"line":216,"type":"if","locations":[{"start":{"line":216,"column":4},"end":{"line":216,"column":4}},{"start":{"line":216,"column":4},"end":{"line":216,"column":4}}]}},"code":["'use strict';","","exports.__esModule = true;","","var _isNumber2 = require('lodash/isNumber');","","var _isNumber3 = _interopRequireDefault(_isNumber2);","","var _isUndefined2 = require('lodash/isUndefined');","","var _isUndefined3 = _interopRequireDefault(_isUndefined2);","","var _isObject2 = require('lodash/isObject');","","var _isObject3 = _interopRequireDefault(_isObject2);","","var _isPlainObject2 = require('lodash/isPlainObject');","","var _isPlainObject3 = _interopRequireDefault(_isPlainObject2);","","var _reduce2 = require('lodash/reduce');","","var _reduce3 = _interopRequireDefault(_reduce2);","","var _assign2 = require('lodash/assign');","","var _assign3 = _interopRequireDefault(_assign2);","","var _inherits = require('inherits');","","var _inherits2 = _interopRequireDefault(_inherits);","","var _helpers = require('./helpers');","","var helpers = _interopRequireWildcard(_helpers);","","var _events = require('events');","","var _debug = require('debug');","","var _debug2 = _interopRequireDefault(_debug);","","var _formatter = require('./formatter');","","var _formatter2 = _interopRequireDefault(_formatter);","","var _uuid = require('uuid');","","var _uuid2 = _interopRequireDefault(_uuid);","","function _interopRequireWildcard(obj) { if (obj && obj.__esModule) { return obj; } else { var newObj = {}; if (obj != null) { for (var key in obj) { if (Object.prototype.hasOwnProperty.call(obj, key)) newObj[key] = obj[key]; } } newObj.default = obj; return newObj; } }","","function _interopRequireDefault(obj) { return obj && obj.__esModule ? obj : { default: obj }; }","","// Raw","// -------","var debugBindings = (0, _debug2.default)('knex:bindings');","","var fakeClient = {","  formatter: function formatter() {","    return new _formatter2.default(fakeClient);","  }","};","","function Raw() {","  var client = arguments.length <= 0 || arguments[0] === undefined ? fakeClient : arguments[0];","","  this.client = client;","","  this.sql = '';","  this.bindings = [];","","  // Todo: Deprecate","  this._wrappedBefore = undefined;","  this._wrappedAfter = undefined;","  this._debug = client && client.config && client.config.debug;","}","(0, _inherits2.default)(Raw, _events.EventEmitter);","","(0, _assign3.default)(Raw.prototype, {","  set: function set(sql, bindings) {","    this.sql = sql;","    this.bindings = (0, _isObject3.default)(bindings) && !bindings.toSQL || (0, _isUndefined3.default)(bindings) ? bindings : [bindings];","","    return this;","  },","  timeout: function timeout(ms) {","    var _ref = arguments.length <= 1 || arguments[1] === undefined ? {} : arguments[1];","","    var cancel = _ref.cancel;","","    if ((0, _isNumber3.default)(ms) && ms > 0) {","      this._timeout = ms;","      if (cancel) {","        this.client.assertCanCancelQuery();","        this._cancelOnTimeout = true;","      }","    }","    return this;","  },","","","  // Wraps the current sql with `before` and `after`.","  wrap: function wrap(before, after) {","    this._wrappedBefore = before;","    this._wrappedAfter = after;","    return this;","  },","","","  // Calls `toString` on the Knex object.","  toString: function toString() {","    return this.toQuery();","  },","","","  // Returns the raw sql for the query.","  toSQL: function toSQL(method, tz) {","    var obj = void 0;","    var formatter = this.client.formatter();","","    if 
[...]
ine":47,"column":15},"end":{"line":47,"column":36}},{"start":{"line":47,"column":40},"end":{"line":47,"column":66}}]},"7":{"line":49,"type":"binary-expr","locations":[{"start":{"line":49,"column":24},"end":{"line":49,"column":41}},{"start":{"line":49,"column":45},"end":{"line":49,"column":57}}]},"8":{"line":50,"type":"binary-expr","locations":[{"start":{"line":50,"column":25},"end":{"line":50,"column":43}},{"start":{"line":50,"column":47},"end":{"line":50,"column":58}}]},"9":{"line":51,"type":"binary-expr","locations":[{"start":{"line":51,"column":26},"end":{"line":51,"column":45}},{"start":{"line":51,"column":49},"end":{"line":51,"column":63}}]},"10":{"line":52,"type":"binary-expr","locations":[{"start":{"line":52,"column":26},"end":{"line":52,"column":45}},{"start":{"line":52,"column":49},"end":{"line":52,"column":61}}]},"11":{"line":53,"type":"binary-expr","locations":[{"start":{"line":53,"column":26},"end":{"line":53,"column":45}},{"start":{"line":53,"column":49},"end":{"line":53,"column":61}}]},"12":{"line":54,"type":"binary-expr","locations":[{"start":{"line":54,"column":18},"end":{"line":54,"column":29}},{"start":{"line":54,"column":33},"end":{"line":54,"column":43}}]},"13":{"line":57,"type":"if","locations":[{"start":{"line":57,"column":4},"end":{"line":57,"column":4}},{"start":{"line":57,"column":4},"end":{"line":57,"column":4}}]},"14":{"line":57,"type":"binary-expr","locations":[{"start":{"line":57,"column":8},"end":{"line":57,"column":25}},{"start":{"line":57,"column":29},"end":{"line":57,"column":41}}]},"15":{"line":60,"type":"switch","locations":[{"start":{"line":61,"column":6},"end":{"line":62,"column":38}},{"start":{"line":63,"column":6},"end":{"line":64,"column":24}},{"start":{"line":65,"column":6},"end":{"line":74,"column":9}}]},"16":{"line":60,"type":"cond-expr","locations":[{"start":{"line":60,"column":41},"end":{"line":60,"column":52}},{"start":{"line":60,"column":55},"end":{"line":60,"column":81}}]},"17":{"line":62,"type":"cond-expr","locations":[{"start":{"line":62,"column":21},"end":{"line":62,"column":27}},{"start":{"line":62,"column":30},"end":{"line":62,"column":37}}]},"18":{"line":66,"type":"if","locations":[{"start":{"line":66,"column":8},"end":{"line":66,"column":8}},{"start":{"line":66,"column":8},"end":{"line":66,"column":8}}]},"19":{"line":68,"type":"if","locations":[{"start":{"line":68,"column":15},"end":{"line":68,"column":15}},{"start":{"line":68,"column":15},"end":{"line":68,"column":15}}]},"20":{"line":70,"type":"if","locations":[{"start":{"line":70,"column":15},"end":{"line":70,"column":15}},{"start":{"line":70,"column":15},"end":{"line":70,"column":15}}]},"21":{"line":79,"type":"cond-expr","locations":[{"start":{"line":79,"column":21},"end":{"line":79,"column":40}},{"start":{"line":79,"column":43},"end":{"line":79,"column":51}}]},"22":{"line":83,"type":"if","locations":[{"start":{"line":83,"column":2},"end":{"line":83,"column":2}},{"start":{"line":83,"column":2},"end":{"line":83,"column":2}}]},"23":{"line":94,"type":"if","locations":[{"start":{"line":94,"column":4},"end":{"line":94,"column":4}},{"start":{"line":94,"column":4},"end":{"line":94,"column":4}}]},"24":{"line":95,"type":"cond-expr","locations":[{"start":{"line":95,"column":24},"end":{"line":95,"column":26}},{"start":{"line":95,"column":29},"end":{"line":95,"column":33}}]},"25":{"line":97,"type":"cond-expr","locations":[{"start":{"line":97,"column":24},"end":{"line":97,"column":26}},{"start":{"line":97,"column":29},"end":{"line":97,"column":33}}]},"26":{"line":117,"type":"if","locations":[{"start":{"line":117,"column":2},"end":{"line":117,"column":2}},{"start":{"line":117,"column":2},"end":{"line":117,"column":2}}]},"27":{"line":122,"type":"if","locations":[{"start":{"line":122,"column":2},"end":{"line":122,"column":2}},{"start":{"line":122,"column":2},"end":{"line":122,"column":2}}]},"28":{"line":130,"type":"binary-expr","locations":[{"start":{"line":130,"column":17},"end":{"line":130,"column":29}},{"start":{"line":130,"column":33},"end":{"line":130,"column":40}}]},"29":{"line":141,"type":"if","locations":[{"start":{"line":141,"column":2},"end":{"line":141,"column":2}},{"start":{"line":141,"column":2},"end":{"line":141,"column":2}}]},"30":{"line":152,"type":"if","locations":[{"start":{"line":152,"column":4},"end":{"line":152,"column":4}},{"start":{"line":152,"column":4},"end":{"line":152,"column":4}}]},"31":{"line":152,"type":"binary-expr","locations":[{"start":{"line":152,"column":8},"end":{"line":152,"column":20}},{"start":{"line":152,"column":24},"end":{"line":152,"column":32}}]},"32":{"line":178,"type":"if","locations":[{"start":{"line":178,"column":2},"end":{"line":178,"column":2}},{"start":{"line":178,"column":2},"end":{"line":178,"column":2}}]},"33":{"line":182,"type":"if","locations":[{"start":{"line":182,"column":2},"end":{"line":182,"column":2}},{"start":{"line":182,"column":2},"end":{"line":182,"column":2}}]},"34":{"line":183,"type":"cond-expr","locations":[{"start":{"line":183,"column":26},"end":{"line":183,"column":28}},{"start":{"line":183,"column":31},"end":{"line":183,"column":32}}]},"35":{"line":183,"type":"cond-expr","locations":[{"start":{"line":183,"column":66},"end":{"line":183,"column":84}},{"start":{"line":183,"column":87},"end":{"line":183,"column":88}}]}},"code":["'use strict';","","exports.__esModule = true;","exports.charsMap = exports.charsRegex = undefined;","","var _stringify = require('babel-runtime/core-js/json/stringify');","","var _stringify2 = _interopRequireDefault(_stringify);","","var _typeof2 = require('babel-runtime/helpers/typeof');","","var _typeof3 = _interopRequireDefault(_typeof2);","","exports.makeEscape = makeEscape;","exports.escapeObject = escapeObject;","exports.arrayToList = arrayToList;","exports.bufferToString = bufferToString;","exports.escapeString = escapeString;","exports.dateToString = dateToString;","","function _interopRequireDefault(obj) { return obj && obj.__esModule ? obj : { default: obj }; }","","/*eslint max-len: 0, no-var:0 */","","var charsRegex = exports.charsRegex = /[\\0\\b\\t\\n\\r\\x1a\\\"\\'\\\\]/g; // eslint-disable-line no-control-regex","var charsMap = exports.charsMap = {","  '\\0': '\\\\0',","  '\\b': '\\\\b',","  '\\t': '\\\\t',","  '\\n': '\\\\n',","  '\\r': '\\\\r',","  '\\x1a': '\\\\Z',","  '\"': '\\\\\"',","  '\\'': '\\\\\\'',","  '\\\\': '\\\\\\\\'","};","","function wrapEscape(escapeFn) {","  return function finalEscape(val) {","    var ctx = arguments.length <= 1 || arguments[1] === undefined ? {} : arguments[1];","","    return escapeFn(val, finalEscape, ctx);","  };","}","","function makeEscape() {","  var config = arguments.length <= 0 || arguments[0] === undefined ? {} : arguments[0];","","  var finalEscapeDate = config.escapeDate || dateToString;","  var finalEscapeArray = config.escapeArray || arrayToList;","  var finalEscapeBuffer = config.escapeBuffer || bufferToString;","  var finalEscapeString = config.escapeString || escapeString;","  var finalEscapeObject = config.escapeObject || escapeObject;","  var finalWrap = config.wrap || wrapEscape;","","  function escapeFn(val, finalEscape, ctx) {","    if (val === undefined || val === null) {","      return 'NULL';","    }","    switch (typeof val === 'undefined' ? 'undefined' : (0, _typeof3.default)(val)) {","      case 'boolean':","        return val ? 'true' : 'false';","      case 'number':","        return val + '';","      case 'object':","        if (val instanceof Date) {","          val = finalEscapeDate(val, finalEscape, ctx);","        } else if (Array.isArray(val)) {","          return finalEscapeArray(val, finalEscape, ctx);","        } else if (Buffer.isBuffer(val)) {","          return finalEscapeBuffer(val, finalEscape, ctx);","        } else {","          return finalEscapeObject(val, finalEscape, ctx);","        }","    }","    return finalEscapeString(val, finalEscape, ctx);","  }","","  return finalWrap ? finalWrap(escapeFn) : escapeFn;","}","","function escapeObject(val, finalEscape, ctx) {","  if (typeof val.toSQL === 'function') {","    return val.toSQL(ctx);","  } else {","    return (0, _stringify2.default)(val);","  }","}","","function arrayToList(array, finalEscape, ctx) {","  var sql = '';","  for (var i = 0; i < array.length; i++) {","    var val = array[i];","    if (Array.isArray(val)) {","      sql += (i === 0 ? '' : ', ') + '(' + arrayToList(val, finalEscape, ctx) + ')';","    } else {","      sql += (i === 0 ? '' : ', ') + finalEscape(val, ctx);","    }","  }","  return sql;","}","","function bufferToString(buffer) {","  return \"X\" + escapeString(buffer.toString('hex'));","}","","function escapeString(val, finalEscape, ctx) {","  var chunkIndex = charsRegex.lastIndex = 0;","  var escapedVal = '';","  var match;","","  while (match = charsRegex.exec(val)) {","    escapedVal += val.slice(chunkIndex, match.index) + charsMap[match[0]];","    chunkIndex = charsRegex.lastIndex;","  }","","  if (chunkIndex === 0) {","    // Nothing was escaped","    return \"'\" + val + \"'\";","  }","","  if (chunkIndex < val.length) {","    return \"'\" + escapedVal + val.slice(chunkIndex) + \"'\";","  }","","  return \"'\" + escapedVal + \"'\";","}","","function dateToString(date, finalEscape, ctx) {","  var timeZone = ctx.timeZone || 'local';","","  var dt = new Date(date);","  var year;","  var month;","  var day;","  var hour;","  var minute;","  var second;","  var millisecond;","","  if (timeZone === 'local') {","    year = dt.getFullYear();","    month = dt.getMonth() + 1;","    day = dt.getDate();","    hour = dt.getHours();","    minute = dt.getMinutes();","    second = dt.getSeconds();","    millisecond = dt.getMilliseconds();","  } else {","    var tz = convertTimezone(timeZone);","","    if (tz !== false && tz !== 0) {","      dt.setTime(dt.getTime() + tz * 60000);","    }","","    year = dt.getUTCFullYear();","    month = dt.getUTCMonth() + 1;","    day = dt.getUTCDate();","    hour = dt.getUTCHours();","    minute = dt.getUTCMinutes();","    second = dt.getUTCSeconds();","    millisecond = dt.getUTCMilliseconds();","  }","","  // YYYY-MM-DD HH:mm:ss.mmm","  return zeroPad(year, 4) + '-' + zeroPad(month, 2) + '-' + zeroPad(day, 2) + ' ' + zeroPad(hour, 2) + ':' + zeroPad(minute, 2) + ':' + zeroPad(second, 2) + '.' + zeroPad(millisecond, 3);","}","","function zeroPad(number, length) {","  number = number.toString();","  while (number.length < length) {","    number = '0' + number;","  }","  return number;","}","","function convertTimezone(tz) {","  if (tz === 'Z') {","    return 0;","  }","  var m = tz.match(/([\\+\\-\\s])(\\d\\d):?(\\d\\d)?/);","  if (m) {","    return (m[1] == '-' ? -1 : 1) * (parseInt(m[2], 10) + (m[3] ? parseInt(m[3], 10) : 0) / 60) * 60;","  }","  return false;","}"],"l":{"3":1,"4":1,"6":1,"8":1,"10":1,"12":1,"14":1,"15":1,"16":1,"17":1,"18":1,"19":1,"21":2,"25":1,"26":1,"38":1,"39":1,"40":0,"42":0,"46":1,"47":1,"49":1,"50":1,"51":1,"52":1,"53":1,"54":1,"56":1,"57":0,"58":0,"60":0,"62":0,"64":0,"66":0,"67":0,"68":0,"69":0,"70":0,"71":0,"73":0,"76":0,"79":1,"82":1,"83":0,"84":0,"86":0,"90":1,"91":0,"92":0,"93":0,"94":0,"95":0,"97":0,"100":0,"103":1,"104":0,"107":1,"108":0,"109":0,"110":0,"112":0,"113":0,"114":0,"117":0,"119":0,"122":0,"123":0,"126":0,"129":1,"130":0,"132":0,"133":0,"134":0,"135":0,"136":0,"137":0,"138":0,"139":0,"141":0,"142":0,"143":0,"144":0,"145":0,"146":0,"147":0,"148":0,"150":0,"152":0,"153":0,"156":0,"157":0,"158":0,"159":0,"160":0,"161":0,"162":0,"166":0,"169":1,"170":0,"171":0,"172":0,"174":0,"177":1,"178":0,"179":0,"181":0,"182":0,"183":0,"185":0}},"/home/travis/build/npmtest/node-npmtest-knex/node_modules/knex/lib/util/parse-connection.js":{"path":"/home/travis/build/npmtest/node-npmtest-knex/node_modules/knex/lib/util/parse-connection.js","s":{"1":1,"2":1,"3":1,"4":1,"5":1,"6":1,"7":1,"8":1,"9":0,"10":0,"11":0,"12":0,"13":0,"14":0,"15":0,"16":0,"17":0,"18":1,"19":0,"20":0,"21":0,"22":0,"23":0,"24":0,"25":0,"26":0,"27":0,"28":0,"29":0,"30":0,"31":0,"32":0,"33":0,"34":0,"35":0,"36":0,"37":0,"38":0,"39":0,"40":1},"b":{"1":[0,1],"2":[1,1],"3":[0,0],"4":[0,0],"5":[0,0],"6":[0,0],"7":[0,0],"8":[0,0],"9":[0,0],"10":[0,0],"11":[0,0],"12":[0,0],"13":[0,0],"14":[0,0],"15":[0,0]},"f":{"1":1,"2":0,"3":0},"fnMap":{"1":{"name":"_interopRequireDefault","line":12,"loc":{"start":{"line":12,"column":0},"end":{"line":12,"column":37}}},"2":{"name":"parseConnectionString","line":14,"loc":{"start":{"line":14,"column":0},"end":{"line":14,"column":36}}},"3":{"name":"connectionObject","line":38,"loc":{"start":{"line":38,"column":0},"end":{"line":38,"column":34}}}},"statementMap":{"1":{"start":{"line":3,"column":0},"end":{"line":3,"column":26}},"2":{"start":{"line":4,"column":0},"end":{"line":4,"column":40}},"3":{"start":{"line":6,"column":0},"end":{"line":6,"column":26}},"4":{"start":{"line":8,"column":0},"end":{"line":8,"column":41}},"5":{"start":{"line":10,"column":0},"end":{"line":10,"column":58}},"6":{"start":{"line":12,"column":0},"end":{"line":12,"column":95}},"7":{"start":{"line":12,"column":39},"end":{"line":12,"column":93}},"8":{"start":{"line":14,"column":0},"end":{"line":36,"column":1}},"9":{"start":{"line":15,"column":2},"end":{"line":15,"column":40}},"10":{"start":{"line":16,"column":2},"end":{"line":16,"column":33}},"11":{"start":{"line":18,"column":2},"end":{"line":20,"column":3}},"12":{"start":{"line":19,"column":4},"end":{"line":19,"column":23}},"13":{"start":{"line":21,"column":2},"end":{"line":28,"column":3}},"14":{"start":{"line":22,"column":4},"end":{"line":27,"column":6}},"15":{"start":{"line":29,"column":2},"end":{"line":31,"column":3}},"16":{"start":{"line":30,"column":4},"end":{"line":30,"column":37}},"17":{"start":{"line":32,"column":2},"end":{"line":35,"column":4}},"18":{"start":{"line":38,"column":0},"end":{"line":71,"column":1}},"19":{"start":{"line":39,"column":2},"end":{"line":39,"column":22}},"20":{"start":{"line":40,"column":2},"end":{"line":40,"column":27}},"21":{"start":{"line":41,"column":2},"end":{"line":43,"column":3}},"22":{"start":{"line":42,"column":4},"end":{"line":42,"column":21}},"23":{"start":{"line":44,"column":2},"end":{"line":48,"column":3}},"24":{"start":{"line":45,"column":4},"end":{"line":45,"column":23}},"25":{"start":{"line":47,"column":4},"end":{"line":47,"column":29}},"26":{"start":{"line":49,"column":2},"end":{"line":55,"column":3}},"27":{"start":{"line":50,"column":4},"end":{"line":54,"column":5}},"28":{"start":{"line":51,"column":6},"end":{"line":51,"column":42}},"29":{"start":{"line":53,"column":6},"end":{"line":53,"column":40}},"30":{"start":{"line":56,"column":2},"end":{"line":58,"column":3}},"31":{"start":{"line":57,"column":4},"end":{"line":57,"column":34}},"32":{"start":{"line":59,"column":2},"end":{"line":69,"column":3}},"33":{"start":{"line":60,"column":4},"end":{"line":60,"column":39}},"34":{"start":{"line":61,"column":4},"end":{"line":68,"column":5}},"35":{"start":{"line":62,"column":6},"end":{"line":62,"column":50}},"36":{"start":{"line":63,"column":6},"end":{"line":65,"column":7}},"37":{"start":{"line":64,"column":8},"end":{"line":64,"column":57}},"38":{"start":{"line":67,"column":6},"end":{"line":67,"column":36}},"39":{"start":{"line":70,"column":2},"end":{"line":70,"column":20}},"40":{"start":{"line":72,"column":0},"end":{"line":72,"column":36}}},"branchMap":{"1":{"line":12,"type":"cond-expr","locations":[{"start":{"line":12,"column":70},"end":{"line":12,"column":73}},{"start":{"line":12,"column":76},"end":{"line":12,"column":92}}]},"2":{"line":12,"type":"binary-expr","locations":[{"start":{"line":12,"column":46},"end":{"line":12,"column":49}},{"start":{"line":12,"column":53},"end":{"line":12,"column":67}}]},"3":{"line":18,"type":"if","locations":[{"start":{"line":18,"column":2},"end":{"line":18,"column":2}},{"start":{"line":18,"column":2},"end":{"line":18,"column":2}}]},"4":{"line":18,"type":"binary-expr","locations":[{"start":{"line":18,"column":6},"end":{"line":18,"column":14}},{"start":{"line":18,"column":18},"end":{"line":18,"column":49}}]},"5":{"line":21,"type":"if","locations":[{"start":{"line":21,"column":2},"end":{"line":21,"column":2}},{"start":{"line":21,"column":2},"end":{"line":21,"column":2}}]},"6":{"line":29,"type":"if","locations":[{"start":{"line":29,"column":2},"end":{"line":29,"column":2}},{"start":{"line":29,"column":2},"end":{"line":29,"column":2}}]},"7":{"line":34,"type":"cond-expr","locations":[{"start":{"line":34,"column":42},"end":{"line":34,"column":77}},{"start":{"line":34,"column":80},"end":{"line":34,"column":104}}]},"8":{"line":41,"type":"if","locations":[{"start":{"line":41,"column":2},"end":{"line":41,"column":2}},{"start":{"line":41,"column":2},"end":{"line":41,"column":2}}]},"9":{"line":44,"type":"if","locations":[{"start":{"line":44,"column":2},"end":{"line":44,"column":2}},{"start":{"line":44,"column":2},"end":{"line":44,"column":2}}]},"10":{"line":49,"type":"if","locations":[{"start":{"line":49,"column":2},"end":{"line":49,"column":2}},{"start":{"line":49,"column":2},"end":{"line":49,"column":2}}]},"11":{"line":50,"type":"if","locations":[{"start":{"line":50,"column":4},"end":{"line":50,"column":4}},{"start":{"line":50,"column":4},"end":{"line":50,"column":4}}]},"12":{"line":56,"type":"if","locations":[{"start":{"line":56,"column":2},"end":{"line":56,"column":2}},{"start":{"line":56,"column":2},"end":{"line":56,"column":2}}]},"13":{"line":59,"type":"if","locations":[{"start":{"line":59,"column":2},"end":{"line":59,"column":2}},{"start":{"line":59,"column":2},"end":{"line":59,"column":2}}]},"14":{"line":61,"type":"if","locations":[{"start":{"line":61,"column":4},"end":{"line":61,"column":4}},{"start":{"line":61,"column":4},"end":{"line":61,"column":4}}]},"15":{"line":63,"type":"if","locations":[{"start":{"line":63,"column":6},"end":{"line":63,"column":6}},{"start":{"line":63,"column":6},"end":{"line":63,"column":6}}]}},"code":["'use strict';","","exports.__esModule = true;","exports.default = parseConnectionString;","","var _url = require('url');","","var _url2 = _interopRequireDefault(_url);","","var _pgConnectionString = require('pg-connection-string');","","function _interopRequireDefault(obj) { return obj && obj.__esModule ? obj : { default: obj }; }","","function parseConnectionString(str) {","  var parsed = _url2.default.parse(str);","  var protocol = parsed.protocol;","","  if (protocol && protocol.indexOf('maria') === 0) {","    protocol = 'maria';","  }","  if (protocol === null) {","    return {","      client: 'sqlite3',","      connection: {","        filename: str","      }","    };","  }","  if (protocol.slice(-1) === ':') {","    protocol = protocol.slice(0, -1);","  }","  return {","    client: protocol,","    connection: protocol === 'postgres' ? (0, _pgConnectionString.parse)(str) : connectionObject(parsed)","  };","}","","function connectionObject(parsed) {","  var connection = {};","  var db = parsed.pathname;","  if (db[0] === '/') {","    db = db.slice(1);","  }","  if (parsed.protocol.indexOf('maria') === 0) {","    connection.db = db;","  } else {","    connection.database = db;","  }","  if (parsed.hostname) {","    if (parsed.protocol.indexOf('mssql') === 0) {","      connection.server = parsed.hostname;","    } else {","      connection.host = parsed.hostname;","    }","  }","  if (parsed.port) {","    connection.port = parsed.port;","  }","  if (parsed.auth) {","    var idx = parsed.auth.indexOf(':');","    if (idx !== -1) {","      connection.user = parsed.auth.slice(0, idx);","      if (idx < parsed.auth.length - 1) {","        connection.password = parsed.auth.slice(idx + 1);","      }","    } else {","      connection.user = parsed.auth;","    }","  }","  return connection;","}","module.exports = exports['default'];"],"l":{"3":1,"4":1,"6":1,"8":1,"10":1,"12":1,"14":1,"15":0,"16":0,"18":0,"19":0,"21":0,"22":0,"29":0,"30":0,"32":0,"38":1,"39":0,"40":0,"41":0,"42":0,"44":0,"45":0,"47":0,"49":0,"50":0,"51":0,"53":0,"56":0,"57":0,"59":0,"60":0,"61":0,"62":0,"63":0,"64":0,"67":0,"70":0,"72":1}}}